<?xml version="1.0" ?>
<!DOCTYPE coverage SYSTEM "http://cobertura.sourceforge.net/xml/coverage-04.dtd">
<coverage lines-valid="13" lines-covered="12" line-rate="0.9229999999999999" branches-valid="4" branches-covered="3" branch-rate="0.75" timestamp="1719136429824" complexity="0" version="0.1">
  <sources>
    <source>/Users/jamesfitzsimons/Desktop/CapstoneRepo/apps/budgie-app</source>
  </sources>
  <packages>
    <package name="firebase" line-rate="1" branch-rate="1">
      <classes>
        <class name="clientApp.ts" filename="firebase/clientApp.ts" line-rate="1" branch-rate="1">
          <methods>
          </methods>
          <lines>
            <line number="6" hits="1" branch="false"/>
            <line number="17" hits="1" branch="false"/>
            <line number="19" hits="1" branch="false"/>
            <line number="20" hits="1" branch="false"/>
            <line number="21" hits="1" branch="false"/>
          </lines>
        </class>
      </classes>
    </package>
    <package name="src.app" line-rate="0.875" branch-rate="0.75">
      <classes>
        <class name="page.tsx" filename="src/app/page.tsx" line-rate="0.875" branch-rate="0.75">
          <methods>
            <method name="Index" hits="2" signature="()V">
              <lines>
                <line number="9" hits="2"/>
              </lines>
            </method>
            <method name="(anonymous_1)" hits="1" signature="()V">
              <lines>
                <line number="14" hits="1"/>
              </lines>
            </method>
          </methods>
          <lines>
            <line number="10" hits="2" branch="false"/>
            <line number="11" hits="2" branch="false"/>
            <line number="12" hits="2" branch="false"/>
            <line number="14" hits="2" branch="false"/>
            <line number="15" hits="1" branch="true" condition-coverage="50% (1/2)"/>
            <line number="16" hits="0" branch="false"/>
            <line number="18" hits="1" branch="false"/>
            <line number="22" hits="2" branch="true" condition-coverage="100% (2/2)"/>
          </lines>
        </class>
      </classes>
    </package>
  </packages>
</coverage>
