<?xml version="1.0" ?>
<!DOCTYPE coverage SYSTEM "http://cobertura.sourceforge.net/xml/coverage-04.dtd">
<coverage lines-valid="52" lines-covered="45" line-rate="0.8653" branches-valid="20" branches-covered="15" branch-rate="0.75" timestamp="1723470595222" complexity="0" version="0.1">
  <sources>
    <source>/Users/jamesfitzsimons/Desktop/CapstoneRepo/apps/budgie-app</source>
  </sources>
  <packages>
    <package name="firebase" line-rate="1" branch-rate="1">
      <classes>
        <class name="clientApp.ts" filename="firebase/clientApp.ts" line-rate="1" branch-rate="1">
          <methods>
          </methods>
          <lines>
            <line number="6" hits="5" branch="false"/>
            <line number="17" hits="5" branch="false"/>
            <line number="19" hits="5" branch="false"/>
            <line number="20" hits="5" branch="false"/>
            <line number="21" hits="5" branch="false"/>
          </lines>
        </class>
      </classes>
    </package>
    <package name="src.app" line-rate="0.875" branch-rate="0.75">
      <classes>
        <class name="page.tsx" filename="src/app/page.tsx" line-rate="0.875" branch-rate="0.75">
          <methods>
            <method name="Index" hits="2" signature="()V">
              <lines>
                <line number="9" hits="2"/>
              </lines>
            </method>
            <method name="(anonymous_1)" hits="1" signature="()V">
              <lines>
                <line number="14" hits="1"/>
              </lines>
            </method>
          </methods>
          <lines>
            <line number="10" hits="2" branch="false"/>
            <line number="11" hits="2" branch="false"/>
            <line number="12" hits="2" branch="false"/>
            <line number="14" hits="2" branch="false"/>
            <line number="15" hits="1" branch="true" condition-coverage="50% (1/2)"/>
            <line number="16" hits="0" branch="false"/>
            <line number="18" hits="1" branch="false"/>
            <line number="22" hits="2" branch="true" condition-coverage="100% (2/2)"/>
          </lines>
        </class>
      </classes>
    </package>
    <package name="src.app.(auth).signup" line-rate="1" branch-rate="1">
      <classes>
        <class name="page.tsx" filename="src/app/(auth)/signup/page.tsx" line-rate="1" branch-rate="1">
          <methods>
            <method name="SignUp" hits="5" signature="()V">
              <lines>
                <line number="10" hits="5"/>
              </lines>
            </method>
            <method name="(anonymous_1)" hits="3" signature="()V">
              <lines>
                <line number="15" hits="3"/>
              </lines>
            </method>
          </methods>
          <lines>
            <line number="11" hits="5" branch="false"/>
            <line number="12" hits="5" branch="false"/>
            <line number="13" hits="5" branch="false"/>
            <line number="15" hits="5" branch="false"/>
            <line number="16" hits="3" branch="true" condition-coverage="100% (2/2)"/>
            <line number="17" hits="1" branch="false"/>
            <line number="19" hits="2" branch="false"/>
            <line number="22" hits="5" branch="true" condition-coverage="100% (2/2)"/>
          </lines>
        </class>
      </classes>
    </package>
    <package name="src.app.(dashboard).accounts" line-rate="0.875" branch-rate="0.75">
      <classes>
        <class name="page.tsx" filename="src/app/(dashboard)/accounts/page.tsx" line-rate="0.875" branch-rate="0.75">
          <methods>
            <method name="overview" hits="4" signature="()V">
              <lines>
                <line number="8" hits="4"/>
              </lines>
            </method>
            <method name="(anonymous_1)" hits="2" signature="()V">
              <lines>
                <line number="14" hits="2"/>
              </lines>
            </method>
          </methods>
          <lines>
            <line number="9" hits="4" branch="false"/>
            <line number="11" hits="4" branch="false"/>
            <line number="12" hits="4" branch="false"/>
            <line number="14" hits="4" branch="false"/>
            <line number="15" hits="2" branch="true" condition-coverage="50% (1/2)"/>
            <line number="16" hits="0" branch="false"/>
            <line number="18" hits="2" branch="false"/>
            <line number="22" hits="4" branch="true" condition-coverage="100% (2/2)"/>
          </lines>
        </class>
      </classes>
    </package>
    <package name="src.app.(dashboard).planning" line-rate="0.875" branch-rate="0.75">
      <classes>
        <class name="page.tsx" filename="src/app/(dashboard)/planning/page.tsx" line-rate="0.875" branch-rate="0.75">
          <methods>
            <method name="settings" hits="7" signature="()V">
              <lines>
                <line number="8" hits="7"/>
              </lines>
            </method>
            <method name="(anonymous_1)" hits="3" signature="()V">
              <lines>
                <line number="14" hits="3"/>
              </lines>
            </method>
          </methods>
          <lines>
            <line number="9" hits="7" branch="false"/>
            <line number="11" hits="7" branch="false"/>
            <line number="12" hits="6" branch="false"/>
            <line number="14" hits="6" branch="false"/>
            <line number="15" hits="3" branch="true" condition-coverage="50% (1/2)"/>
            <line number="16" hits="0" branch="false"/>
            <line number="18" hits="3" branch="false"/>
            <line number="22" hits="6" branch="true" condition-coverage="100% (2/2)"/>
          </lines>
        </class>
      </classes>
    </package>
    <package name="src.app.mydashboard" line-rate="0.7333" branch-rate="0.5">
      <classes>
        <class name="page.tsx" filename="src/app/mydashboard/page.tsx" line-rate="0.7333" branch-rate="0.5">
          <methods>
            <method name="MyDashboard" hits="1" signature="()V">
              <lines>
                <line number="10" hits="1"/>
              </lines>
            </method>
            <method name="(anonymous_1)" hits="1" signature="()V">
              <lines>
                <line number="18" hits="1"/>
              </lines>
            </method>
            <method name="(anonymous_2)" hits="0" signature="()V">
              <lines>
                <line number="26" hits="0"/>
              </lines>
            </method>
            <method name="(anonymous_3)" hits="0" signature="()V">
              <lines>
                <line number="31" hits="0"/>
              </lines>
            </method>
          </methods>
          <lines>
            <line number="11" hits="1" branch="false"/>
            <line number="12" hits="1" branch="false"/>
            <line number="13" hits="1" branch="false"/>
            <line number="15" hits="1" branch="false"/>
            <line number="16" hits="1" branch="false"/>
            <line number="18" hits="1" branch="false"/>
            <line number="19" hits="1" branch="true" condition-coverage="50% (1/2)"/>
            <line number="20" hits="1" branch="false"/>
            <line number="22" hits="0" branch="false"/>
            <line number="26" hits="1" branch="false"/>
            <line number="27" hits="0" branch="false"/>
            <line number="28" hits="0" branch="false"/>
            <line number="31" hits="1" branch="false"/>
            <line number="32" hits="0" branch="false"/>
            <line number="35" hits="1" branch="false"/>
          </lines>
        </class>
      </classes>
    </package>
  </packages>
</coverage>
