TN:
SF:firebase/clientApp.ts
FNF:0
FNH:0
DA:6,5
DA:17,5
DA:19,5
DA:20,5
DA:21,5
LF:5
LH:5
BRF:0
BRH:0
end_of_record
TN:
SF:src/app/page.tsx
FN:9,Index
FN:14,(anonymous_1)
FNF:2
FNH:2
FNDA:2,Index
FNDA:1,(anonymous_1)
DA:10,2
DA:11,2
DA:12,2
DA:14,2
DA:15,1
DA:16,0
DA:18,1
DA:22,2
LF:8
LH:7
BRDA:15,0,0,0
BRDA:15,0,1,1
BRDA:22,1,0,2
BRDA:22,1,1,1
BRF:4
BRH:3
end_of_record
TN:
SF:src/app/(auth)/signup/page.tsx
FN:10,SignUp
FN:15,(anonymous_1)
FNF:2
FNH:2
FNDA:5,SignUp
FNDA:3,(anonymous_1)
DA:11,5
DA:12,5
DA:13,5
DA:15,5
DA:16,3
DA:17,1
DA:19,2
DA:22,5
LF:8
LH:8
BRDA:16,0,0,1
BRDA:16,0,1,2
BRDA:22,1,0,5
BRDA:22,1,1,2
BRF:4
BRH:4
end_of_record
TN:
SF:src/app/(dashboard)/accounts/page.tsx
FN:8,overview
FN:14,(anonymous_1)
FNF:2
FNH:2
FNDA:4,overview
FNDA:2,(anonymous_1)
DA:9,4
DA:11,4
DA:12,4
DA:14,4
DA:15,2
DA:16,0
DA:18,2
DA:22,4
LF:8
LH:7
BRDA:15,0,0,0
BRDA:15,0,1,2
BRDA:22,1,0,4
BRDA:22,1,1,2
BRF:4
BRH:3
end_of_record
TN:
SF:src/app/(dashboard)/planning/page.tsx
FN:8,settings
FN:14,(anonymous_1)
FNF:2
FNH:2
FNDA:7,settings
FNDA:3,(anonymous_1)
DA:9,7
DA:11,7
DA:12,6
DA:14,6
DA:15,3
DA:16,0
DA:18,3
DA:22,6
LF:8
LH:7
BRDA:15,0,0,0
BRDA:15,0,1,3
BRDA:22,1,0,6
BRDA:22,1,1,3
BRF:4
BRH:3
end_of_record
TN:
SF:src/app/mydashboard/page.tsx
FN:10,MyDashboard
FN:18,(anonymous_1)
FN:26,(anonymous_2)
FN:31,(anonymous_3)
FNF:4
FNH:2
FNDA:1,MyDashboard
FNDA:1,(anonymous_1)
FNDA:0,(anonymous_2)
FNDA:0,(anonymous_3)
DA:11,1
DA:12,1
DA:13,1
DA:15,1
DA:16,1
DA:18,1
DA:19,1
DA:20,1
DA:22,0
DA:26,1
DA:27,0
DA:28,0
DA:31,1
DA:32,0
DA:35,1
LF:15
LH:11
BRDA:19,0,0,1
BRDA:19,0,1,0
BRDA:37,1,0,1
BRDA:37,1,1,0
BRF:4
BRH:2
end_of_record
