TN:
SF:public/images/BudgieNoBG.png
FNF:0
FNH:0
DA:1,3
LF:1
LH:1
BRF:0
BRH:0
end_of_record
TN:
SF:src/index.ts
FNF:0
FNH:0
LF:0
LH:0
BRF:0
BRH:0
end_of_record
TN:
SF:src/useThemes.tsx
FN:3,(anonymous_0)
FN:4,(anonymous_1)
FN:5,(anonymous_2)
FNF:3
FNH:3
FNDA:9,(anonymous_0)
FNDA:5,(anonymous_1)
FNDA:5,(anonymous_2)
DA:3,2
DA:4,9
DA:5,5
DA:6,5
DA:8,5
DA:10,5
DA:12,5
DA:13,5
DA:14,5
DA:20,5
LF:10
LH:10
BRDA:6,0,0,5
BRDA:6,0,1,5
BRDA:8,1,0,5
BRDA:8,1,1,5
BRDA:10,2,0,5
BRDA:10,2,1,5
BRF:6
BRH:6
end_of_record
TN:
SF:src/lib/Landing/Landing.tsx
FN:11,Landing
FN:15,(anonymous_1)
FN:24,(anonymous_2)
FN:37,(anonymous_3)
FN:43,(anonymous_4)
FN:71,(anonymous_5)
FN:83,(anonymous_6)
FNF:7
FNH:5
FNDA:8,Landing
FNDA:4,(anonymous_1)
FNDA:0,(anonymous_2)
FNDA:0,(anonymous_3)
FNDA:1,(anonymous_4)
FNDA:1,(anonymous_5)
FNDA:2,(anonymous_6)
DA:12,8
DA:13,8
DA:15,8
DA:16,4
DA:19,8
DA:25,0
DA:38,0
DA:43,1
DA:72,1
DA:84,2
LF:10
LH:8
BRDA:21,0,0,8
BRDA:21,0,1,1
BRDA:34,1,0,8
BRDA:34,1,1,2
BRDA:52,2,0,8
BRDA:52,2,1,7
BRDA:81,3,0,8
BRDA:81,3,1,7
BRDA:81,3,2,5
BRF:9
BRH:9
end_of_record
TN:
SF:src/lib/account-settings/AccountSettings.tsx
FN:27,AccountSettings
FN:41,(anonymous_1)
FN:87,(anonymous_2)
FN:115,(anonymous_3)
FN:119,(anonymous_4)
FN:123,(anonymous_5)
FN:127,(anonymous_6)
FN:162,(anonymous_7)
FN:170,(anonymous_8)
FN:178,(anonymous_9)
FN:221,(anonymous_10)
FNF:11
FNH:10
FNDA:22,AccountSettings
FNDA:3,(anonymous_1)
FNDA:1,(anonymous_2)
FNDA:1,(anonymous_3)
FNDA:0,(anonymous_4)
FNDA:3,(anonymous_5)
FNDA:1,(anonymous_6)
FNDA:2,(anonymous_7)
FNDA:2,(anonymous_8)
FNDA:2,(anonymous_9)
FNDA:1,(anonymous_10)
DA:28,22
DA:29,22
DA:30,22
DA:31,22
DA:33,22
DA:34,22
DA:35,22
DA:36,22
DA:37,22
DA:38,22
DA:39,22
DA:41,22
DA:42,3
DA:43,3
DA:44,3
DA:45,3
DA:46,0
DA:47,0
DA:48,0
DA:49,0
DA:52,3
DA:54,3
DA:55,3
DA:56,2
DA:58,1
DA:59,1
DA:60,1
DA:61,1
DA:64,2
DA:66,2
DA:67,2
DA:68,2
DA:69,0
DA:70,0
DA:72,2
DA:73,1
DA:74,1
DA:75,1
DA:77,1
DA:78,1
DA:79,1
DA:81,0
DA:82,0
DA:83,0
DA:87,22
DA:88,1
DA:89,1
DA:90,0
DA:91,0
DA:93,1
DA:95,1
DA:96,1
DA:103,1
DA:104,1
DA:108,1
DA:112,22
DA:113,22
DA:115,22
DA:116,1
DA:119,22
DA:120,0
DA:123,22
DA:124,3
DA:127,22
DA:128,1
DA:129,1
DA:132,22
DA:162,2
DA:170,2
DA:178,2
DA:221,1
LF:71
LH:59
BRDA:30,0,0,22
BRDA:30,0,1,0
BRDA:45,1,0,0
BRDA:45,1,1,3
BRDA:68,2,0,0
BRDA:68,2,1,2
BRDA:72,3,0,1
BRDA:72,3,1,1
BRDA:89,4,0,0
BRDA:89,4,1,1
BRDA:93,5,0,1
BRDA:93,5,1,0
BRDA:154,6,0,22
BRDA:154,6,1,14
BRDA:195,7,0,14
BRDA:195,7,1,5
BRDA:213,8,0,22
BRDA:213,8,1,2
BRF:18
BRH:13
end_of_record
TN:
SF:src/lib/accounts-page/accounts-page.tsx
FN:52,rollingYears
FN:76,getCurrentMonthYear
FN:84,getRollingMonthYears
FN:107,splitMonthYear
FN:114,getMonthName
FN:138,getBalancesForMonthYears
FN:151,(anonymous_6)
FN:181,yearMonthToString
FN:192,NoAccountsPage
FN:222,AccountUnit
FN:226,(anonymous_10)
FN:274,AddAccountIcon
FN:278,(anonymous_12)
FN:298,GraphSection
FN:320,InfoSection
FN:335,UpOrDown
FN:388,AccountsPage
FN:397,(anonymous_17)
FN:398,(anonymous_18)
FN:399,(anonymous_19)
FN:408,(anonymous_20)
FN:423,(anonymous_21)
FN:455,(anonymous_22)
FN:471,(anonymous_23)
FNF:24
FNH:0
FNDA:0,rollingYears
FNDA:0,getCurrentMonthYear
FNDA:0,getRollingMonthYears
FNDA:0,splitMonthYear
FNDA:0,getMonthName
FNDA:0,getBalancesForMonthYears
FNDA:0,(anonymous_6)
FNDA:0,yearMonthToString
FNDA:0,NoAccountsPage
FNDA:0,AccountUnit
FNDA:0,(anonymous_10)
FNDA:0,AddAccountIcon
FNDA:0,(anonymous_12)
FNDA:0,GraphSection
FNDA:0,InfoSection
FNDA:0,UpOrDown
FNDA:0,AccountsPage
FNDA:0,(anonymous_17)
FNDA:0,(anonymous_18)
FNDA:0,(anonymous_19)
FNDA:0,(anonymous_20)
FNDA:0,(anonymous_21)
FNDA:0,(anonymous_22)
FNDA:0,(anonymous_23)
DA:54,0
DA:55,0
DA:57,0
DA:60,0
DA:62,0
DA:64,0
DA:66,0
DA:68,0
DA:73,0
DA:77,0
DA:78,0
DA:79,0
DA:81,0
DA:85,0
DA:86,0
DA:88,0
DA:90,0
DA:91,0
DA:92,0
DA:94,0
DA:95,0
DA:96,0
DA:99,0
DA:100,0
DA:101,0
DA:104,0
DA:108,0
DA:109,0
DA:111,0
DA:116,0
DA:132,0
DA:135,0
DA:143,0
DA:144,0
DA:145,0
DA:146,0
DA:147,0
DA:148,0
DA:149,0
DA:151,0
DA:152,0
DA:153,0
DA:154,0
DA:155,0
DA:156,0
DA:157,0
DA:158,0
DA:159,0
DA:160,0
DA:161,0
DA:162,0
DA:164,0
DA:172,0
DA:173,0
DA:174,0
DA:178,0
DA:182,0
DA:183,0
DA:184,0
DA:185,0
DA:187,0
DA:193,0
DA:194,0
DA:223,0
DA:224,0
DA:227,0
DA:275,0
DA:276,0
DA:279,0
DA:299,0
DA:301,0
DA:302,0
DA:304,0
DA:305,0
DA:321,0
DA:322,0
DA:323,0
DA:324,0
DA:325,0
DA:326,0
DA:327,0
DA:328,0
DA:330,0
DA:336,0
DA:362,0
DA:389,0
DA:390,0
DA:391,0
DA:392,0
DA:393,0
DA:394,0
DA:395,0
DA:397,0
DA:398,0
DA:399,0
DA:400,0
DA:401,0
DA:402,0
DA:404,0
DA:405,0
DA:407,0
DA:408,0
DA:409,0
DA:410,0
DA:416,0
DA:418,0
DA:419,0
DA:423,0
DA:424,0
DA:425,0
DA:426,0
DA:428,0
DA:434,0
DA:435,0
DA:437,0
DA:438,0
DA:439,0
DA:441,0
DA:442,0
DA:445,0
DA:446,0
DA:448,0
DA:451,0
DA:456,0
DA:472,0
LF:125
LH:0
BRDA:64,0,0,0
BRDA:64,0,1,0
BRDA:94,1,0,0
BRDA:94,1,1,0
BRDA:135,2,0,0
BRDA:135,2,1,0
BRDA:135,3,0,0
BRDA:135,3,1,0
BRDA:158,4,0,0
BRDA:158,4,1,0
BRDA:159,5,0,0
BRDA:159,5,1,0
BRDA:161,6,0,0
BRDA:161,6,1,0
BRDA:173,7,0,0
BRDA:173,7,1,0
BRDA:232,8,0,0
BRDA:232,8,1,0
BRDA:244,9,0,0
BRDA:244,9,1,0
BRDA:254,10,0,0
BRDA:254,10,1,0
BRDA:325,11,0,0
BRDA:325,11,1,0
BRDA:327,12,0,0
BRDA:327,12,1,0
BRDA:338,13,0,0
BRDA:338,13,1,0
BRDA:348,14,0,0
BRDA:348,14,1,0
BRDA:375,15,0,0
BRDA:375,15,1,0
BRDA:404,16,0,0
BRDA:404,16,1,0
BRDA:453,17,0,0
BRDA:453,17,1,0
BRDA:460,18,0,0
BRDA:460,18,1,0
BRDA:466,19,0,0
BRDA:466,19,1,0
BRDA:466,19,2,0
BRF:41
BRH:0
end_of_record
TN:
SF:src/lib/add-accounts-page/add-accounts-page.tsx
FN:30,AddAccountsPage
FN:45,AddAccountModal
FN:46,OnAddAccountTypeClick
FN:56,(anonymous_3)
FN:76,(anonymous_4)
FN:96,(anonymous_5)
FN:121,UploadCSVModal
FN:122,(anonymous_7)
FN:126,(anonymous_8)
FN:131,(anonymous_9)
FN:134,(anonymous_10)
FN:138,(anonymous_11)
FN:139,(anonymous_12)
FN:142,(anonymous_13)
FN:146,(anonymous_14)
FN:161,(anonymous_15)
FN:183,AccountInfoModal
FN:187,(anonymous_17)
FN:191,(anonymous_18)
FN:196,(anonymous_19)
FN:210,getSeparateYearMonthsAsTransactionObjects
FN:218,(anonymous_21)
FN:242,getUniqueYearMonths
FN:283,getMonthName
FN:292,isDuplicate
FN:304,MergeTransactions
FN:330,(anonymous_26)
FN:331,(anonymous_27)
FN:339,(anonymous_28)
FN:357,(anonymous_29)
FN:389,(anonymous_30)
FN:441,(anonymous_31)
FN:443,(anonymous_32)
FN:447,(anonymous_33)
FN:448,(anonymous_34)
FN:451,(anonymous_35)
FN:471,(anonymous_36)
FN:483,(anonymous_37)
FN:492,(anonymous_38)
FN:493,(anonymous_39)
FN:495,(anonymous_40)
FN:516,(anonymous_41)
FN:535,(anonymous_42)
FN:548,(anonymous_43)
FN:608,SuccessModal
FN:609,(anonymous_45)
FN:613,(anonymous_46)
FN:622,(anonymous_47)
FN:642,AlreadyTracked
FN:643,(anonymous_49)
FN:647,(anonymous_50)
FN:656,(anonymous_51)
FN:675,SpinnerLoader
FN:676,(anonymous_53)
FN:678,(anonymous_54)
FN:687,(anonymous_55)
FNF:56
FNH:0
FNDA:0,AddAccountsPage
FNDA:0,AddAccountModal
FNDA:0,OnAddAccountTypeClick
FNDA:0,(anonymous_3)
FNDA:0,(anonymous_4)
FNDA:0,(anonymous_5)
FNDA:0,UploadCSVModal
FNDA:0,(anonymous_7)
FNDA:0,(anonymous_8)
FNDA:0,(anonymous_9)
FNDA:0,(anonymous_10)
FNDA:0,(anonymous_11)
FNDA:0,(anonymous_12)
FNDA:0,(anonymous_13)
FNDA:0,(anonymous_14)
FNDA:0,(anonymous_15)
FNDA:0,AccountInfoModal
FNDA:0,(anonymous_17)
FNDA:0,(anonymous_18)
FNDA:0,(anonymous_19)
FNDA:0,getSeparateYearMonthsAsTransactionObjects
FNDA:0,(anonymous_21)
FNDA:0,getUniqueYearMonths
FNDA:0,getMonthName
FNDA:0,isDuplicate
FNDA:0,MergeTransactions
FNDA:0,(anonymous_26)
FNDA:0,(anonymous_27)
FNDA:0,(anonymous_28)
FNDA:0,(anonymous_29)
FNDA:0,(anonymous_30)
FNDA:0,(anonymous_31)
FNDA:0,(anonymous_32)
FNDA:0,(anonymous_33)
FNDA:0,(anonymous_34)
FNDA:0,(anonymous_35)
FNDA:0,(anonymous_36)
FNDA:0,(anonymous_37)
FNDA:0,(anonymous_38)
FNDA:0,(anonymous_39)
FNDA:0,(anonymous_40)
FNDA:0,(anonymous_41)
FNDA:0,(anonymous_42)
FNDA:0,(anonymous_43)
FNDA:0,SuccessModal
FNDA:0,(anonymous_45)
FNDA:0,(anonymous_46)
FNDA:0,(anonymous_47)
FNDA:0,AlreadyTracked
FNDA:0,(anonymous_49)
FNDA:0,(anonymous_50)
FNDA:0,(anonymous_51)
FNDA:0,SpinnerLoader
FNDA:0,(anonymous_53)
FNDA:0,(anonymous_54)
FNDA:0,(anonymous_55)
DA:31,0
DA:32,0
DA:33,0
DA:34,0
DA:35,0
DA:36,0
DA:37,0
DA:38,0
DA:40,0
DA:41,0
DA:42,0
DA:43,0
DA:47,0
DA:48,0
DA:51,0
DA:56,0
DA:76,0
DA:96,0
DA:122,0
DA:123,0
DA:126,0
DA:128,0
DA:131,0
DA:132,0
DA:133,0
DA:134,0
DA:135,0
DA:136,0
DA:138,0
DA:139,0
DA:142,0
DA:143,0
DA:144,0
DA:146,0
DA:147,0
DA:148,0
DA:149,0
DA:150,0
DA:151,0
DA:154,0
DA:157,0
DA:161,0
DA:184,0
DA:185,0
DA:187,0
DA:188,0
DA:191,0
DA:192,0
DA:196,0
DA:197,0
DA:198,0
DA:213,0
DA:215,0
DA:216,0
DA:218,0
DA:219,0
DA:220,0
DA:221,0
DA:222,0
DA:224,0
DA:232,0
DA:233,0
DA:236,0
DA:239,0
DA:245,0
DA:247,0
DA:248,0
DA:249,0
DA:250,0
DA:252,0
DA:253,0
DA:256,0
DA:259,0
DA:261,0
DA:262,0
DA:265,0
DA:268,0
DA:284,0
DA:285,0
DA:286,0
DA:288,0
DA:296,0
DA:309,0
DA:310,0
DA:311,0
DA:313,0
DA:318,0
DA:319,0
DA:320,0
DA:321,0
DA:322,0
DA:323,0
DA:324,0
DA:326,0
DA:327,0
DA:329,0
DA:331,0
DA:332,0
DA:336,0
DA:338,0
DA:339,0
DA:340,0
DA:341,0
DA:343,0
DA:345,0
DA:346,0
DA:347,0
DA:351,0
DA:356,0
DA:357,0
DA:358,0
DA:359,0
DA:361,0
DA:363,0
DA:364,0
DA:365,0
DA:369,0
DA:374,0
DA:375,0
DA:379,0
DA:380,0
DA:383,0
DA:384,0
DA:387,0
DA:388,0
DA:389,0
DA:390,0
DA:391,0
DA:393,0
DA:397,0
DA:399,0
DA:400,0
DA:401,0
DA:402,0
DA:403,0
DA:404,0
DA:405,0
DA:406,0
DA:407,0
DA:409,0
DA:418,0
DA:419,0
DA:420,0
DA:424,0
DA:430,0
DA:431,0
DA:435,0
DA:436,0
DA:441,0
DA:442,0
DA:443,0
DA:444,0
DA:445,0
DA:447,0
DA:448,0
DA:451,0
DA:452,0
DA:453,0
DA:458,0
DA:460,0
DA:461,0
DA:464,0
DA:467,0
DA:471,0
DA:475,0
DA:476,0
DA:481,0
DA:482,0
DA:483,0
DA:484,0
DA:485,0
DA:489,0
DA:492,0
DA:493,0
DA:495,0
DA:496,0
DA:497,0
DA:498,0
DA:502,0
DA:503,0
DA:504,0
DA:511,0
DA:512,0
DA:513,0
DA:514,0
DA:515,0
DA:516,0
DA:517,0
DA:519,0
DA:522,0
DA:524,0
DA:532,0
DA:533,0
DA:534,0
DA:535,0
DA:536,0
DA:537,0
DA:544,0
DA:548,0
DA:609,0
DA:610,0
DA:613,0
DA:615,0
DA:618,0
DA:622,0
DA:643,0
DA:644,0
DA:647,0
DA:649,0
DA:652,0
DA:656,0
DA:676,0
DA:678,0
DA:680,0
DA:683,0
DA:687,0
DA:714,0
LF:217
LH:0
BRDA:143,0,0,0
BRDA:143,0,1,0
BRDA:173,1,0,0
BRDA:173,1,1,0
BRDA:232,2,0,0
BRDA:232,2,1,0
BRDA:252,3,0,0
BRDA:252,3,1,0
BRDA:285,4,0,0
BRDA:285,4,1,0
BRDA:285,5,0,0
BRDA:285,5,1,0
BRDA:297,6,0,0
BRDA:297,6,1,0
BRDA:297,6,2,0
BRDA:297,6,3,0
BRDA:319,7,0,0
BRDA:319,7,1,0
BRDA:324,8,0,0
BRDA:324,8,1,0
BRDA:336,9,0,0
BRDA:336,9,1,0
BRDA:406,10,0,0
BRDA:406,10,1,0
BRDA:418,11,0,0
BRDA:418,11,1,0
BRDA:452,12,0,0
BRDA:452,12,1,0
BRDA:484,13,0,0
BRDA:484,13,1,0
BRDA:489,14,0,0
BRDA:489,14,1,0
BRDA:496,15,0,0
BRDA:496,15,1,0
BRDA:504,16,0,0
BRDA:504,16,1,0
BRDA:505,17,0,0
BRDA:505,17,1,0
BRDA:505,17,2,0
BRDA:505,17,3,0
BRDA:505,17,4,0
BRDA:512,18,0,0
BRDA:512,18,1,0
BRDA:589,19,0,0
BRDA:589,19,1,0
BRDA:717,20,0,0
BRDA:717,20,1,0
BRDA:718,21,0,0
BRDA:718,21,1,0
BRDA:719,22,0,0
BRDA:719,22,1,0
BRDA:720,23,0,0
BRDA:720,23,1,0
BRDA:721,24,0,0
BRDA:721,24,1,0
BRF:55
BRH:0
end_of_record
TN:
SF:src/lib/add-goal-popup/AddGoalPopup.tsx
FN:15,(anonymous_0)
FN:18,(anonymous_1)
FN:24,(anonymous_2)
FN:45,AddGoalPopup
FN:53,(anonymous_4)
FN:59,(anonymous_5)
FN:65,(anonymous_6)
FN:87,(anonymous_7)
FN:98,(anonymous_8)
FN:128,getPopupWidth
FN:166,(anonymous_10)
FN:226,(anonymous_11)
FN:247,(anonymous_12)
FN:278,(anonymous_13)
FN:338,(anonymous_14)
FN:359,(anonymous_15)
FN:390,(anonymous_16)
FN:411,(anonymous_17)
FNF:18
FNH:0
FNDA:0,(anonymous_0)
FNDA:0,(anonymous_1)
FNDA:0,(anonymous_2)
FNDA:0,AddGoalPopup
FNDA:0,(anonymous_4)
FNDA:0,(anonymous_5)
FNDA:0,(anonymous_6)
FNDA:0,(anonymous_7)
FNDA:0,(anonymous_8)
FNDA:0,getPopupWidth
FNDA:0,(anonymous_10)
FNDA:0,(anonymous_11)
FNDA:0,(anonymous_12)
FNDA:0,(anonymous_13)
FNDA:0,(anonymous_14)
FNDA:0,(anonymous_15)
FNDA:0,(anonymous_16)
FNDA:0,(anonymous_17)
DA:15,1
DA:16,0
DA:18,0
DA:19,0
DA:20,0
DA:24,0
DA:25,0
DA:26,0
DA:27,0
DA:30,0
DA:46,0
DA:48,0
DA:53,0
DA:59,0
DA:65,0
DA:87,1
DA:88,0
DA:89,0
DA:90,0
DA:91,0
DA:94,0
DA:95,0
DA:96,0
DA:98,0
DA:99,0
DA:101,0
DA:108,0
DA:109,0
DA:110,0
DA:111,0
DA:112,0
DA:114,0
DA:116,0
DA:117,0
DA:120,0
DA:121,0
DA:122,0
DA:124,0
DA:129,0
DA:130,0
DA:131,0
DA:132,0
DA:133,0
DA:134,0
DA:137,0
DA:139,0
DA:166,0
DA:226,0
DA:247,0
DA:278,0
DA:338,0
DA:359,0
DA:390,0
DA:411,0
LF:54
LH:2
BRDA:19,0,0,0
BRDA:19,0,1,0
BRDA:25,1,0,0
BRDA:25,1,1,0
BRDA:54,2,0,0
BRDA:54,2,1,0
BRDA:60,3,0,0
BRDA:60,3,1,0
BRDA:66,4,0,0
BRDA:66,4,1,0
BRDA:108,5,0,0
BRDA:108,5,1,0
BRDA:108,6,0,0
BRDA:108,6,1,0
BRDA:112,7,0,0
BRDA:112,7,1,0
BRDA:116,8,0,0
BRDA:116,8,1,0
BRDA:142,9,0,0
BRDA:142,9,1,0
BRDA:225,10,0,0
BRDA:225,10,1,0
BRDA:246,11,0,0
BRDA:246,11,1,0
BRDA:254,12,0,0
BRDA:254,12,1,0
BRDA:358,13,0,0
BRDA:358,13,1,0
BRDA:366,14,0,0
BRDA:366,14,1,0
BRF:30
BRH:0
end_of_record
TN:
SF:src/lib/all-transactions-view/AllTransactionsView.tsx
FN:22,AllTransactionsView
FN:43,(anonymous_1)
FN:51,(anonymous_2)
FN:72,(anonymous_3)
FN:73,(anonymous_4)
FN:81,(anonymous_5)
FN:96,(anonymous_6)
FN:102,(anonymous_7)
FN:106,(anonymous_8)
FN:120,(anonymous_9)
FN:131,(anonymous_10)
FN:142,(anonymous_11)
FN:166,(anonymous_12)
FN:168,(anonymous_13)
FN:173,(anonymous_14)
FN:175,(anonymous_15)
FN:189,(anonymous_16)
FN:199,(anonymous_17)
FN:205,(anonymous_18)
FN:228,(anonymous_19)
FN:255,(anonymous_20)
FN:264,(anonymous_21)
FN:272,(anonymous_22)
FN:279,(anonymous_23)
FN:326,(anonymous_24)
FN:366,(anonymous_25)
FN:391,(anonymous_26)
FNF:27
FNH:0
FNDA:0,AllTransactionsView
FNDA:0,(anonymous_1)
FNDA:0,(anonymous_2)
FNDA:0,(anonymous_3)
FNDA:0,(anonymous_4)
FNDA:0,(anonymous_5)
FNDA:0,(anonymous_6)
FNDA:0,(anonymous_7)
FNDA:0,(anonymous_8)
FNDA:0,(anonymous_9)
FNDA:0,(anonymous_10)
FNDA:0,(anonymous_11)
FNDA:0,(anonymous_12)
FNDA:0,(anonymous_13)
FNDA:0,(anonymous_14)
FNDA:0,(anonymous_15)
FNDA:0,(anonymous_16)
FNDA:0,(anonymous_17)
FNDA:0,(anonymous_18)
FNDA:0,(anonymous_19)
FNDA:0,(anonymous_20)
FNDA:0,(anonymous_21)
FNDA:0,(anonymous_22)
FNDA:0,(anonymous_23)
FNDA:0,(anonymous_24)
FNDA:0,(anonymous_25)
FNDA:0,(anonymous_26)
DA:23,0
DA:24,0
DA:25,0
DA:26,0
DA:27,0
DA:28,0
DA:29,0
DA:30,0
DA:31,0
DA:32,0
DA:33,0
DA:34,0
DA:43,0
DA:44,0
DA:45,0
DA:46,0
DA:47,0
DA:51,0
DA:52,0
DA:53,0
DA:54,0
DA:58,0
DA:72,0
DA:73,0
DA:74,0
DA:75,0
DA:80,0
DA:81,0
DA:82,0
DA:84,0
DA:87,0
DA:88,0
DA:89,0
DA:90,0
DA:91,0
DA:96,0
DA:97,0
DA:98,0
DA:102,0
DA:103,0
DA:106,0
DA:107,0
DA:108,0
DA:110,0
DA:113,0
DA:114,0
DA:116,0
DA:120,0
DA:121,0
DA:123,0
DA:125,0
DA:127,0
DA:131,0
DA:132,0
DA:134,0
DA:136,0
DA:138,0
DA:142,0
DA:143,0
DA:144,0
DA:146,0
DA:149,0
DA:150,0
DA:152,0
DA:155,0
DA:156,0
DA:157,0
DA:158,0
DA:159,0
DA:160,0
DA:161,0
DA:164,0
DA:165,0
DA:166,0
DA:168,0
DA:172,0
DA:173,0
DA:175,0
DA:179,0
DA:180,0
DA:182,0
DA:183,0
DA:184,0
DA:185,0
DA:189,0
DA:193,0
DA:194,0
DA:196,0
DA:197,0
DA:199,0
DA:200,0
DA:205,0
DA:206,0
DA:207,0
DA:210,0
DA:215,0
DA:217,0
DA:218,0
DA:219,0
DA:224,0
DA:228,0
DA:229,0
DA:231,0
DA:233,0
DA:235,0
DA:237,0
DA:239,0
DA:241,0
DA:243,0
DA:245,0
DA:247,0
DA:249,0
DA:251,0
DA:255,0
DA:256,0
DA:261,0
DA:264,0
DA:265,0
DA:269,0
DA:272,0
DA:273,0
DA:274,0
DA:275,0
DA:276,0
DA:279,0
DA:280,0
DA:281,0
DA:282,0
DA:285,0
DA:286,0
DA:291,0
DA:293,0
DA:294,0
DA:298,0
DA:300,0
DA:304,0
DA:327,0
DA:367,0
DA:391,0
LF:139
LH:0
BRDA:45,0,0,0
BRDA:45,0,1,0
BRDA:52,1,0,0
BRDA:52,1,1,0
BRDA:88,2,0,0
BRDA:88,2,1,0
BRDA:90,3,0,0
BRDA:90,3,1,0
BRDA:97,4,0,0
BRDA:97,4,1,0
BRDA:107,5,0,0
BRDA:107,5,1,0
BRDA:113,6,0,0
BRDA:113,6,1,0
BRDA:121,7,0,0
BRDA:121,7,1,0
BRDA:121,7,2,0
BRDA:132,8,0,0
BRDA:132,8,1,0
BRDA:132,8,2,0
BRDA:143,9,0,0
BRDA:143,9,1,0
BRDA:149,10,0,0
BRDA:149,10,1,0
BRDA:155,11,0,0
BRDA:155,11,1,0
BRDA:158,12,0,0
BRDA:158,12,1,0
BRDA:196,13,0,0
BRDA:196,13,1,0
BRDA:200,14,0,0
BRDA:200,14,1,0
BRDA:217,15,0,0
BRDA:217,15,1,0
BRDA:229,16,0,0
BRDA:229,16,1,0
BRDA:229,16,2,0
BRDA:229,16,3,0
BRDA:229,16,4,0
BRDA:229,16,5,0
BRDA:229,16,6,0
BRDA:229,16,7,0
BRDA:229,16,8,0
BRDA:229,16,9,0
BRDA:229,16,10,0
BRDA:293,17,0,0
BRDA:293,17,1,0
BRDA:361,18,0,0
BRDA:361,18,1,0
BRDA:363,19,0,0
BRDA:363,19,1,0
BRDA:372,20,0,0
BRDA:372,20,1,0
BRF:53
BRH:0
end_of_record
TN:
SF:src/lib/dashboard/Dashboard.tsx
FN:15,Dashboard
FN:39,(anonymous_1)
FN:40,(anonymous_2)
FN:47,(anonymous_3)
FN:68,(anonymous_4)
FN:69,(anonymous_5)
FN:78,(anonymous_6)
FN:89,(anonymous_7)
FN:90,(anonymous_8)
FN:116,(anonymous_9)
FN:121,(anonymous_10)
FN:154,(anonymous_11)
FN:163,(anonymous_12)
FN:174,(anonymous_13)
FNF:14
FNH:0
FNDA:0,Dashboard
FNDA:0,(anonymous_1)
FNDA:0,(anonymous_2)
FNDA:0,(anonymous_3)
FNDA:0,(anonymous_4)
FNDA:0,(anonymous_5)
FNDA:0,(anonymous_6)
FNDA:0,(anonymous_7)
FNDA:0,(anonymous_8)
FNDA:0,(anonymous_9)
FNDA:0,(anonymous_10)
FNDA:0,(anonymous_11)
FNDA:0,(anonymous_12)
FNDA:0,(anonymous_13)
DA:16,0
DA:17,0
DA:20,0
DA:23,0
DA:26,0
DA:31,0
DA:32,0
DA:35,0
DA:37,0
DA:38,0
DA:39,0
DA:40,0
DA:41,0
DA:42,0
DA:46,0
DA:47,0
DA:51,0
DA:53,0
DA:54,0
DA:55,0
DA:56,0
DA:58,0
DA:61,0
DA:65,0
DA:68,0
DA:69,0
DA:70,0
DA:71,0
DA:72,0
DA:77,0
DA:78,0
DA:79,0
DA:82,0
DA:86,0
DA:89,0
DA:90,0
DA:91,0
DA:92,0
DA:93,0
DA:95,0
DA:96,0
DA:101,0
DA:103,0
DA:104,0
DA:107,0
DA:109,0
DA:113,0
DA:116,0
DA:119,0
DA:120,0
DA:121,0
DA:123,0
DA:124,0
DA:125,0
DA:126,0
DA:130,0
DA:154,0
DA:163,0
DA:175,0
LF:59
LH:0
BRDA:53,0,0,0
BRDA:53,0,1,0
BRDA:71,1,0,0
BRDA:71,1,1,0
BRDA:103,2,0,0
BRDA:103,2,1,0
BRDA:123,3,0,0
BRDA:123,3,1,0
BRDA:132,4,0,0
BRDA:132,4,1,0
BRDA:152,5,0,0
BRDA:152,5,1,0
BRDA:161,6,0,0
BRDA:161,6,1,0
BRDA:183,7,0,0
BRDA:183,7,1,0
BRDA:183,8,0,0
BRDA:183,8,1,0
BRDA:183,8,2,0
BRDA:189,9,0,0
BRDA:189,9,1,0
BRDA:189,10,0,0
BRDA:189,10,1,0
BRDA:189,10,2,0
BRF:24
BRH:0
end_of_record
TN:
SF:src/lib/display-settings/DisplaySettings.tsx
FN:11,DisplaySettings
FN:15,(anonymous_1)
FN:37,(anonymous_2)
FN:48,(anonymous_3)
FN:53,(anonymous_4)
FN:97,(anonymous_5)
FN:98,(anonymous_6)
FN:100,(anonymous_7)
FN:196,(anonymous_8)
FN:201,(anonymous_9)
FN:205,(anonymous_10)
FN:210,(anonymous_11)
FN:216,(anonymous_12)
FN:222,(anonymous_13)
FNF:14
FNH:9
FNDA:14,DisplaySettings
FNDA:5,(anonymous_1)
FNDA:0,(anonymous_2)
FNDA:5,(anonymous_3)
FNDA:9,(anonymous_4)
FNDA:1,(anonymous_5)
FNDA:1,(anonymous_6)
FNDA:2,(anonymous_7)
FNDA:1,(anonymous_8)
FNDA:1,(anonymous_9)
FNDA:0,(anonymous_10)
FNDA:0,(anonymous_11)
FNDA:0,(anonymous_12)
FNDA:0,(anonymous_13)
DA:12,14
DA:13,14
DA:15,14
DA:16,5
DA:18,5
DA:19,5
DA:21,5
DA:22,5
DA:23,5
DA:25,5
DA:28,5
DA:31,5
DA:32,5
DA:37,5
DA:38,0
DA:39,0
DA:43,0
DA:46,5
DA:48,5
DA:49,5
DA:53,14
DA:54,9
DA:55,9
DA:56,9
DA:57,9
DA:58,9
DA:60,9
DA:63,8
DA:64,8
DA:68,1
DA:69,1
DA:73,0
DA:74,0
DA:78,0
DA:79,0
DA:83,0
DA:84,0
DA:88,0
DA:89,0
DA:92,0
DA:93,0
DA:97,14
DA:98,14
DA:100,14
DA:102,2
DA:104,2
DA:106,1
DA:107,0
DA:109,1
DA:111,1
DA:114,1
DA:115,0
DA:117,1
DA:119,1
DA:122,0
DA:123,0
DA:125,0
DA:127,0
DA:130,0
DA:131,0
DA:133,0
DA:135,0
DA:138,0
DA:139,0
DA:141,0
DA:143,0
DA:146,0
DA:147,0
DA:149,0
DA:151,0
DA:154,0
DA:155,0
DA:158,2
DA:159,2
DA:162,14
DA:196,1
DA:201,1
DA:205,0
DA:210,0
DA:216,0
DA:222,0
LF:81
LH:44
BRDA:16,0,0,5
BRDA:16,0,1,1
BRDA:18,1,0,5
BRDA:18,1,1,1
BRDA:19,2,0,5
BRDA:19,2,1,5
BRDA:60,3,0,2
BRDA:60,3,1,8
BRDA:60,3,2,0
BRDA:60,3,3,1
BRDA:60,3,4,0
BRDA:60,3,5,0
BRDA:60,3,6,0
BRDA:60,3,7,0
BRDA:60,3,8,0
BRDA:60,3,9,0
BRDA:60,3,10,0
BRDA:60,3,11,0
BRDA:60,3,12,0
BRDA:102,4,0,2
BRDA:102,4,1,0
BRDA:104,5,0,1
BRDA:104,5,1,1
BRDA:104,5,2,0
BRDA:104,5,3,0
BRDA:104,5,4,0
BRDA:104,5,5,0
BRDA:104,5,6,0
BRDA:106,6,0,0
BRDA:106,6,1,1
BRDA:114,7,0,0
BRDA:114,7,1,1
BRDA:122,8,0,0
BRDA:122,8,1,0
BRDA:130,9,0,0
BRDA:130,9,1,0
BRDA:138,10,0,0
BRDA:138,10,1,0
BRDA:146,11,0,0
BRDA:146,11,1,0
BRDA:197,12,0,14
BRDA:197,12,1,8
BRDA:203,13,0,14
BRDA:203,13,1,1
BRDA:206,14,0,14
BRDA:206,14,1,0
BRDA:212,15,0,14
BRDA:212,15,1,0
BRDA:218,16,0,14
BRDA:218,16,1,0
BRDA:224,17,0,14
BRDA:224,17,1,0
BRDA:233,18,0,7
BRDA:233,18,1,7
BRDA:241,19,0,2
BRDA:241,19,1,12
BRF:56
BRH:26
end_of_record
TN:
SF:src/lib/edit-goal-popup/EditGoalPopup.tsx
FN:15,(anonymous_0)
FN:18,(anonymous_1)
FN:24,(anonymous_2)
FN:46,EditGoalPopup
FN:72,(anonymous_4)
FN:81,(anonymous_5)
FN:108,(anonymous_6)
FN:169,(anonymous_7)
FN:226,(anonymous_8)
FN:247,(anonymous_9)
FN:275,(anonymous_10)
FN:332,(anonymous_11)
FN:353,(anonymous_12)
FN:381,(anonymous_13)
FN:402,(anonymous_14)
FNF:15
FNH:0
FNDA:0,(anonymous_0)
FNDA:0,(anonymous_1)
FNDA:0,(anonymous_2)
FNDA:0,EditGoalPopup
FNDA:0,(anonymous_4)
FNDA:0,(anonymous_5)
FNDA:0,(anonymous_6)
FNDA:0,(anonymous_7)
FNDA:0,(anonymous_8)
FNDA:0,(anonymous_9)
FNDA:0,(anonymous_10)
FNDA:0,(anonymous_11)
FNDA:0,(anonymous_12)
FNDA:0,(anonymous_13)
FNDA:0,(anonymous_14)
DA:15,1
DA:16,0
DA:18,0
DA:19,0
DA:20,0
DA:24,0
DA:25,0
DA:26,0
DA:27,0
DA:30,0
DA:47,0
DA:48,0
DA:72,1
DA:73,0
DA:74,0
DA:75,0
DA:76,0
DA:77,0
DA:78,0
DA:79,0
DA:81,0
DA:82,0
DA:84,0
DA:91,0
DA:92,0
DA:93,0
DA:94,0
DA:95,0
DA:96,0
DA:99,0
DA:100,0
DA:101,0
DA:102,0
DA:104,0
DA:108,0
DA:109,0
DA:110,0
DA:113,0
DA:114,0
DA:121,0
DA:122,0
DA:123,0
DA:124,0
DA:125,0
DA:126,0
DA:129,0
DA:130,0
DA:131,0
DA:132,0
DA:134,0
DA:139,0
DA:169,0
DA:226,0
DA:247,0
DA:275,0
DA:332,0
DA:353,0
DA:381,0
DA:402,0
LF:59
LH:2
BRDA:19,0,0,0
BRDA:19,0,1,0
BRDA:25,1,0,0
BRDA:25,1,1,0
BRDA:91,2,0,0
BRDA:91,2,1,0
BRDA:91,3,0,0
BRDA:91,3,1,0
BRDA:95,4,0,0
BRDA:95,4,1,0
BRDA:113,5,0,0
BRDA:113,5,1,0
BRDA:121,6,0,0
BRDA:121,6,1,0
BRDA:121,7,0,0
BRDA:121,7,1,0
BRDA:125,8,0,0
BRDA:125,8,1,0
BRDA:148,9,0,0
BRDA:148,9,1,0
BRDA:225,10,0,0
BRDA:225,10,1,0
BRDA:246,11,0,0
BRDA:246,11,1,0
BRDA:254,12,0,0
BRDA:254,12,1,0
BRDA:352,13,0,0
BRDA:352,13,1,0
BRDA:360,14,0,0
BRDA:360,14,1,0
BRF:30
BRH:0
end_of_record
TN:
SF:src/lib/faq-modal/faq-modal.tsx
FN:8,FaqModal
FNF:1
FNH:0
FNDA:0,FaqModal
DA:9,0
LF:1
LH:0
BRF:0
BRH:0
end_of_record
TN:
SF:src/lib/forgot-password/forgot-password.tsx
FN:13,ForgotPassword
FN:19,(anonymous_1)
FN:21,(anonymous_2)
FN:26,(anonymous_3)
FN:31,(anonymous_4)
FN:36,Sendmail
FNF:6
FNH:0
FNDA:0,ForgotPassword
FNDA:0,(anonymous_1)
FNDA:0,(anonymous_2)
FNDA:0,(anonymous_3)
FNDA:0,(anonymous_4)
FNDA:0,Sendmail
DA:14,0
DA:15,0
DA:16,0
DA:17,0
DA:19,0
DA:21,0
DA:22,0
DA:23,0
DA:26,0
DA:27,0
DA:28,0
DA:31,0
DA:32,0
DA:33,0
DA:37,0
DA:38,0
DA:39,0
DA:40,0
DA:43,0
DA:44,0
DA:45,0
DA:46,0
DA:47,0
DA:48,0
DA:49,0
DA:50,0
DA:51,0
DA:53,0
DA:54,0
DA:55,0
DA:61,0
LF:31
LH:0
BRDA:19,0,0,0
BRDA:22,1,0,0
BRDA:22,1,1,0
BRDA:28,2,0,0
BRDA:28,2,1,0
BRDA:37,3,0,0
BRDA:37,3,1,0
BRDA:56,4,0,0
BRDA:56,4,1,0
BRDA:92,5,0,0
BRDA:92,5,1,0
BRDA:97,6,0,0
BRDA:97,6,1,0
BRF:13
BRH:0
end_of_record
TN:
SF:src/lib/goals-page/GoalsPage.tsx
FN:56,(anonymous_0)
FN:70,(anonymous_1)
FN:93,(anonymous_2)
FN:98,(anonymous_3)
FN:108,(anonymous_4)
FN:109,(anonymous_5)
FN:114,(anonymous_6)
FN:115,(anonymous_7)
FN:118,(anonymous_8)
FN:122,(anonymous_9)
FN:127,(anonymous_10)
FN:132,(anonymous_11)
FN:133,(anonymous_12)
FN:138,(anonymous_13)
FN:142,(anonymous_14)
FN:149,(anonymous_15)
FN:162,(anonymous_16)
FN:163,(anonymous_17)
FN:178,(anonymous_18)
FN:528,GoalsPage
FN:541,(anonymous_20)
FN:544,(anonymous_21)
FN:545,(anonymous_22)
FN:582,(anonymous_23)
FN:605,(anonymous_24)
FN:612,(anonymous_25)
FN:617,(anonymous_26)
FN:633,(anonymous_27)
FN:638,(anonymous_28)
FN:642,(anonymous_29)
FN:643,(anonymous_30)
FN:650,(anonymous_31)
FN:651,(anonymous_32)
FN:658,(anonymous_33)
FN:665,(anonymous_34)
FN:721,(anonymous_35)
FN:734,(anonymous_36)
FN:740,(anonymous_37)
FN:845,(anonymous_38)
FN:851,(anonymous_39)
FNF:40
FNH:0
FNDA:0,(anonymous_0)
FNDA:0,(anonymous_1)
FNDA:0,(anonymous_2)
FNDA:0,(anonymous_3)
FNDA:0,(anonymous_4)
FNDA:0,(anonymous_5)
FNDA:0,(anonymous_6)
FNDA:0,(anonymous_7)
FNDA:0,(anonymous_8)
FNDA:0,(anonymous_9)
FNDA:0,(anonymous_10)
FNDA:0,(anonymous_11)
FNDA:0,(anonymous_12)
FNDA:0,(anonymous_13)
FNDA:0,(anonymous_14)
FNDA:0,(anonymous_15)
FNDA:0,(anonymous_16)
FNDA:0,(anonymous_17)
FNDA:0,(anonymous_18)
FNDA:0,GoalsPage
FNDA:0,(anonymous_20)
FNDA:0,(anonymous_21)
FNDA:0,(anonymous_22)
FNDA:0,(anonymous_23)
FNDA:0,(anonymous_24)
FNDA:0,(anonymous_25)
FNDA:0,(anonymous_26)
FNDA:0,(anonymous_27)
FNDA:0,(anonymous_28)
FNDA:0,(anonymous_29)
FNDA:0,(anonymous_30)
FNDA:0,(anonymous_31)
FNDA:0,(anonymous_32)
FNDA:0,(anonymous_33)
FNDA:0,(anonymous_34)
FNDA:0,(anonymous_35)
FNDA:0,(anonymous_36)
FNDA:0,(anonymous_37)
FNDA:0,(anonymous_38)
FNDA:0,(anonymous_39)
DA:37,1
DA:56,1
DA:57,0
DA:58,0
DA:70,0
DA:71,0
DA:72,0
DA:73,0
DA:80,0
DA:83,0
DA:87,0
DA:88,0
DA:90,0
DA:93,0
DA:94,0
DA:95,0
DA:96,0
DA:97,0
DA:98,0
DA:100,0
DA:103,0
DA:105,0
DA:108,0
DA:109,0
DA:110,0
DA:114,0
DA:115,0
DA:118,0
DA:119,0
DA:120,0
DA:122,0
DA:123,0
DA:126,0
DA:127,0
DA:132,0
DA:133,0
DA:134,0
DA:138,0
DA:139,0
DA:140,0
DA:142,0
DA:143,0
DA:146,0
DA:148,0
DA:150,0
DA:151,0
DA:153,0
DA:155,0
DA:162,0
DA:163,0
DA:168,0
DA:172,0
DA:173,0
DA:174,0
DA:176,0
DA:178,0
DA:179,0
DA:180,0
DA:183,0
DA:529,0
DA:530,0
DA:531,0
DA:534,0
DA:537,0
DA:538,0
DA:539,0
DA:541,0
DA:542,0
DA:544,0
DA:545,0
DA:547,0
DA:560,0
DA:572,0
DA:573,0
DA:576,0
DA:577,0
DA:578,0
DA:582,0
DA:583,0
DA:584,0
DA:585,0
DA:592,0
DA:595,0
DA:599,0
DA:600,0
DA:602,0
DA:605,0
DA:606,0
DA:607,0
DA:608,0
DA:609,0
DA:612,0
DA:613,0
DA:614,0
DA:615,0
DA:616,0
DA:617,0
DA:618,0
DA:619,0
DA:624,0
DA:625,0
DA:627,0
DA:629,0
DA:633,0
DA:634,0
DA:635,0
DA:638,0
DA:639,0
DA:642,0
DA:643,0
DA:647,0
DA:650,0
DA:651,0
DA:655,0
DA:658,0
DA:659,0
DA:660,0
DA:661,0
DA:664,0
DA:665,0
DA:667,0
DA:670,0
DA:672,0
DA:675,0
DA:722,0
DA:734,0
DA:740,0
DA:845,0
DA:851,0
LF:129
LH:2
BRDA:71,0,0,0
BRDA:71,0,1,0
BRDA:71,1,0,0
BRDA:71,1,1,0
BRDA:72,2,0,0
BRDA:72,2,1,0
BRDA:83,3,0,0
BRDA:83,3,1,0
BRDA:84,4,0,0
BRDA:84,4,1,0
BRDA:94,5,0,0
BRDA:94,5,1,0
BRDA:100,6,0,0
BRDA:100,6,1,0
BRDA:110,7,0,0
BRDA:110,7,1,0
BRDA:115,8,0,0
BRDA:115,8,1,0
BRDA:119,9,0,0
BRDA:119,9,1,0
BRDA:139,10,0,0
BRDA:139,10,1,0
BRDA:146,11,0,0
BRDA:146,11,1,0
BRDA:151,12,0,0
BRDA:151,12,1,0
BRDA:153,13,0,0
BRDA:153,13,1,0
BRDA:179,14,0,0
BRDA:179,14,1,0
BRDA:192,15,0,0
BRDA:192,15,1,0
BRDA:214,16,0,0
BRDA:214,16,1,0
BRDA:231,17,0,0
BRDA:231,17,1,0
BRDA:242,18,0,0
BRDA:242,18,1,0
BRDA:242,18,2,0
BRDA:300,19,0,0
BRDA:300,19,1,0
BRDA:322,20,0,0
BRDA:322,20,1,0
BRDA:339,21,0,0
BRDA:339,21,1,0
BRDA:350,22,0,0
BRDA:350,22,1,0
BRDA:350,22,2,0
BRDA:407,23,0,0
BRDA:407,23,1,0
BRDA:436,24,0,0
BRDA:436,24,1,0
BRDA:453,25,0,0
BRDA:453,25,1,0
BRDA:464,26,0,0
BRDA:464,26,1,0
BRDA:464,26,2,0
BRDA:547,27,0,0
BRDA:547,27,1,0
BRDA:549,28,0,0
BRDA:549,28,1,0
BRDA:551,29,0,0
BRDA:551,29,1,0
BRDA:552,30,0,0
BRDA:552,30,1,0
BRDA:553,31,0,0
BRDA:553,31,1,0
BRDA:554,32,0,0
BRDA:554,32,1,0
BRDA:555,33,0,0
BRDA:555,33,1,0
BRDA:560,34,0,0
BRDA:560,34,1,0
BRDA:562,35,0,0
BRDA:562,35,1,0
BRDA:564,36,0,0
BRDA:564,36,1,0
BRDA:565,37,0,0
BRDA:565,37,1,0
BRDA:566,38,0,0
BRDA:566,38,1,0
BRDA:567,39,0,0
BRDA:567,39,1,0
BRDA:568,40,0,0
BRDA:568,40,1,0
BRDA:572,41,0,0
BRDA:572,41,1,0
BRDA:572,42,0,0
BRDA:572,42,1,0
BRDA:573,43,0,0
BRDA:573,43,1,0
BRDA:573,44,0,0
BRDA:573,44,1,0
BRDA:576,45,0,0
BRDA:576,45,1,0
BRDA:577,46,0,0
BRDA:577,46,1,0
BRDA:583,47,0,0
BRDA:583,47,1,0
BRDA:583,48,0,0
BRDA:583,48,1,0
BRDA:584,49,0,0
BRDA:584,49,1,0
BRDA:595,50,0,0
BRDA:595,50,1,0
BRDA:596,51,0,0
BRDA:596,51,1,0
BRDA:624,52,0,0
BRDA:624,52,1,0
BRDA:659,53,0,0
BRDA:659,53,1,0
BRDA:667,54,0,0
BRDA:667,54,1,0
BRDA:677,55,0,0
BRDA:677,55,1,0
BRDA:686,56,0,0
BRDA:686,56,1,0
BRDA:709,57,0,0
BRDA:709,57,1,0
BRDA:719,58,0,0
BRDA:719,58,1,0
BRDA:722,59,0,0
BRDA:722,59,1,0
BRDA:738,60,0,0
BRDA:738,60,1,0
BRDA:752,61,0,0
BRDA:752,61,1,0
BRDA:753,62,0,0
BRDA:753,62,1,0
BRDA:754,63,0,0
BRDA:754,63,1,0
BRDA:759,64,0,0
BRDA:759,64,1,0
BRDA:759,64,2,0
BRDA:762,65,0,0
BRDA:762,65,1,0
BRDA:798,66,0,0
BRDA:798,66,1,0
BRDA:813,67,0,0
BRDA:813,67,1,0
BRDA:822,68,0,0
BRDA:822,68,1,0
BRDA:832,69,0,0
BRDA:832,69,1,0
BRDA:849,70,0,0
BRDA:849,70,1,0
BRDA:857,71,0,0
BRDA:857,71,1,0
BRDA:857,71,2,0
BRDA:861,72,0,0
BRDA:861,72,1,0
BRF:151
BRH:0
end_of_record
TN:
SF:src/lib/help-modal/help-modal.tsx
FN:10,HelpModal
FN:13,(anonymous_1)
FN:174,(anonymous_2)
FN:177,(anonymous_3)
FN:180,(anonymous_4)
FN:183,(anonymous_5)
FN:184,(anonymous_6)
FN:185,(anonymous_7)
FN:188,(anonymous_8)
FN:191,(anonymous_9)
FNF:10
FNH:5
FNDA:6,HelpModal
FNDA:6,(anonymous_1)
FNDA:0,(anonymous_2)
FNDA:1,(anonymous_3)
FNDA:1,(anonymous_4)
FNDA:1,(anonymous_5)
FNDA:0,(anonymous_6)
FNDA:0,(anonymous_7)
FNDA:0,(anonymous_8)
FNDA:0,(anonymous_9)
DA:11,6
DA:13,6
DA:14,6
DA:16,3
DA:30,1
DA:45,1
DA:70,1
DA:101,0
DA:121,0
DA:135,0
DA:145,0
DA:155,0
DA:158,6
DA:174,0
DA:177,1
DA:180,1
DA:183,1
DA:184,0
DA:185,0
DA:188,0
DA:191,0
LF:21
LH:11
BRDA:14,0,0,3
BRDA:14,0,1,1
BRDA:14,0,2,1
BRDA:14,0,3,1
BRDA:14,0,4,0
BRDA:14,0,5,0
BRDA:14,0,6,0
BRDA:14,0,7,0
BRDA:14,0,8,0
BRF:9
BRH:4
end_of_record
TN:
SF:src/lib/hooks/UserProvider.tsx
FN:9,(anonymous_0)
FN:13,(anonymous_1)
FNF:2
FNH:0
FNDA:0,(anonymous_0)
FNDA:0,(anonymous_1)
DA:7,1
DA:9,1
DA:10,0
DA:11,0
DA:13,0
DA:14,0
DA:15,0
DA:18,0
LF:8
LH:2
BRDA:20,0,0,0
BRDA:20,0,1,0
BRF:2
BRH:0
end_of_record
TN:
SF:src/lib/learn-more-modal/LearnMore.tsx
FN:11,(anonymous_0)
FN:59,(anonymous_1)
FNF:2
FNH:0
FNDA:0,(anonymous_0)
FNDA:0,(anonymous_1)
DA:11,1
DA:12,0
DA:60,0
LF:3
LH:1
BRF:0
BRH:0
end_of_record
TN:
SF:src/lib/monthly-transactions-view/MonthlyTransactionsView.tsx
FN:22,MonthlyTransactionsView
FN:43,(anonymous_1)
FN:62,(anonymous_2)
FN:93,(anonymous_3)
FN:94,(anonymous_4)
FN:102,(anonymous_5)
FN:118,(anonymous_6)
FN:124,(anonymous_7)
FN:128,(anonymous_8)
FN:165,(anonymous_9)
FN:167,(anonymous_10)
FN:172,(anonymous_11)
FN:174,(anonymous_12)
FN:183,(anonymous_13)
FN:191,(anonymous_14)
FN:212,(anonymous_15)
FN:219,(anonymous_16)
FN:246,(anonymous_17)
FN:257,(anonymous_18)
FN:268,(anonymous_19)
FN:277,(anonymous_20)
FN:300,(anonymous_21)
FN:309,(anonymous_22)
FN:316,(anonymous_23)
FN:323,getMonthWidth
FN:364,(anonymous_25)
FN:376,(anonymous_26)
FN:419,(anonymous_27)
FN:444,(anonymous_28)
FNF:29
FNH:15
FNDA:11,MonthlyTransactionsView
FNDA:1,(anonymous_1)
FNDA:0,(anonymous_2)
FNDA:2,(anonymous_3)
FNDA:2,(anonymous_4)
FNDA:2,(anonymous_5)
FNDA:6,(anonymous_6)
FNDA:2,(anonymous_7)
FNDA:5,(anonymous_8)
FNDA:0,(anonymous_9)
FNDA:0,(anonymous_10)
FNDA:0,(anonymous_11)
FNDA:0,(anonymous_12)
FNDA:0,(anonymous_13)
FNDA:0,(anonymous_14)
FNDA:0,(anonymous_15)
FNDA:0,(anonymous_16)
FNDA:11,(anonymous_17)
FNDA:11,(anonymous_18)
FNDA:33,(anonymous_19)
FNDA:0,(anonymous_20)
FNDA:2,(anonymous_21)
FNDA:0,(anonymous_22)
FNDA:0,(anonymous_23)
FNDA:2,getMonthWidth
FNDA:132,(anonymous_25)
FNDA:22,(anonymous_26)
FNDA:0,(anonymous_27)
FNDA:0,(anonymous_28)
DA:23,11
DA:24,11
DA:25,11
DA:26,11
DA:27,11
DA:28,11
DA:29,11
DA:30,11
DA:31,11
DA:32,11
DA:33,11
DA:43,11
DA:45,1
DA:46,0
DA:49,1
DA:50,1
DA:55,0
DA:59,1
DA:62,11
DA:63,0
DA:68,0
DA:71,0
DA:72,0
DA:74,0
DA:78,11
DA:93,11
DA:94,2
DA:95,2
DA:96,2
DA:101,2
DA:102,2
DA:103,2
DA:105,0
DA:109,2
DA:110,2
DA:111,2
DA:112,2
DA:113,2
DA:118,11
DA:119,6
DA:120,4
DA:124,11
DA:125,2
DA:128,11
DA:129,5
DA:133,5
DA:135,0
DA:138,5
DA:142,0
DA:144,5
DA:147,5
DA:150,5
DA:155,5
DA:156,5
DA:157,5
DA:158,5
DA:160,0
DA:161,0
DA:162,0
DA:164,0
DA:165,0
DA:167,0
DA:171,0
DA:172,0
DA:174,0
DA:178,0
DA:179,0
DA:183,11
DA:187,0
DA:188,0
DA:189,0
DA:191,0
DA:192,0
DA:197,0
DA:202,0
DA:204,0
DA:205,0
DA:206,0
DA:211,0
DA:212,0
DA:213,0
DA:215,0
DA:219,11
DA:220,0
DA:222,0
DA:224,0
DA:226,0
DA:228,0
DA:230,0
DA:232,0
DA:234,0
DA:236,0
DA:238,0
DA:240,0
DA:242,0
DA:246,11
DA:247,11
DA:249,7
DA:251,0
DA:253,4
DA:257,11
DA:258,11
DA:260,0
DA:262,7
DA:264,4
DA:268,11
DA:269,33
DA:274,33
DA:277,11
DA:278,0
DA:282,0
DA:285,11
DA:300,11
DA:301,2
DA:303,2
DA:304,2
DA:305,2
DA:309,11
DA:310,0
DA:311,0
DA:312,0
DA:313,0
DA:316,11
DA:317,0
DA:318,0
DA:319,0
DA:320,0
DA:327,2
DA:328,2
DA:329,2
DA:330,2
DA:331,2
DA:332,2
DA:333,2
DA:334,2
DA:335,2
DA:338,11
DA:365,132
DA:377,22
DA:420,0
DA:444,0
LF:141
LH:80
BRDA:45,0,0,0
BRDA:45,0,1,1
BRDA:50,1,0,0
BRDA:50,1,1,1
BRDA:51,2,0,1
BRDA:51,2,1,1
BRDA:63,3,0,0
BRDA:63,3,1,0
BRDA:64,4,0,0
BRDA:64,4,1,0
BRDA:71,5,0,0
BRDA:71,5,1,0
BRDA:110,6,0,2
BRDA:110,6,1,0
BRDA:112,7,0,2
BRDA:112,7,1,0
BRDA:119,8,0,4
BRDA:119,8,1,2
BRDA:129,9,0,5
BRDA:129,9,1,0
BRDA:130,10,0,5
BRDA:130,10,1,5
BRDA:138,11,0,0
BRDA:138,11,1,5
BRDA:139,12,0,5
BRDA:139,12,1,0
BRDA:150,13,0,5
BRDA:150,13,1,0
BRDA:151,14,0,5
BRDA:151,14,1,5
BRDA:151,14,2,0
BRDA:188,15,0,0
BRDA:188,15,1,0
BRDA:192,16,0,0
BRDA:192,16,1,0
BRDA:204,17,0,0
BRDA:204,17,1,0
BRDA:220,18,0,0
BRDA:220,18,1,0
BRDA:220,18,2,0
BRDA:220,18,3,0
BRDA:220,18,4,0
BRDA:220,18,5,0
BRDA:220,18,6,0
BRDA:220,18,7,0
BRDA:220,18,8,0
BRDA:220,18,9,0
BRDA:220,18,10,0
BRDA:247,19,0,7
BRDA:247,19,1,0
BRDA:247,19,2,4
BRDA:258,20,0,0
BRDA:258,20,1,7
BRDA:258,20,2,4
BRDA:301,21,0,2
BRDA:301,21,1,0
BRDA:325,22,0,2
BRDA:412,23,0,7
BRDA:412,23,1,4
BRDA:412,24,0,11
BRDA:412,24,1,7
BRDA:425,25,0,0
BRDA:425,25,1,0
BRF:63
BRH:26
end_of_record
TN:
SF:src/lib/navbar/navbar.tsx
FN:13,signout
FN:16,(anonymous_1)
FN:19,(anonymous_2)
FN:24,Navbar
FN:33,(anonymous_4)
FN:53,(anonymous_5)
FN:73,(anonymous_6)
FN:93,(anonymous_7)
FNF:8
FNH:0
FNDA:0,signout
FNDA:0,(anonymous_1)
FNDA:0,(anonymous_2)
FNDA:0,Navbar
FNDA:0,(anonymous_4)
FNDA:0,(anonymous_5)
FNDA:0,(anonymous_6)
FNDA:0,(anonymous_7)
DA:14,0
DA:15,0
DA:17,0
DA:20,0
DA:25,0
DA:33,0
DA:53,0
DA:73,0
DA:93,0
LF:9
LH:0
BRDA:31,0,0,0
BRDA:31,0,1,0
BRDA:51,1,0,0
BRDA:51,1,1,0
BRDA:71,2,0,0
BRDA:71,2,1,0
BRDA:91,3,0,0
BRDA:91,3,1,0
BRF:8
BRH:0
end_of_record
TN:
SF:src/lib/new-navbar/new-navbar.tsx
FN:12,signout
FN:17,getFirstSubstring
FN:18,(anonymous_2)
FN:22,NewNavbar
FN:37,(anonymous_4)
FN:61,(anonymous_5)
FN:85,(anonymous_6)
FN:109,(anonymous_7)
FN:133,(anonymous_8)
FNF:9
FNH:5
FNDA:1,signout
FNDA:4,getFirstSubstring
FNDA:8,(anonymous_2)
FNDA:4,NewNavbar
FNDA:0,(anonymous_4)
FNDA:1,(anonymous_5)
FNDA:0,(anonymous_6)
FNDA:0,(anonymous_7)
FNDA:0,(anonymous_8)
DA:13,1
DA:14,1
DA:18,8
DA:19,4
DA:23,4
DA:24,4
DA:28,4
DA:37,0
DA:61,1
DA:85,0
DA:109,0
DA:133,0
LF:12
LH:8
BRDA:19,0,0,4
BRDA:19,0,1,0
BRDA:35,1,0,2
BRDA:35,1,1,2
BRDA:59,2,0,1
BRDA:59,2,1,3
BRDA:83,3,0,1
BRDA:83,3,1,3
BRDA:107,4,0,0
BRDA:107,4,1,4
BRDA:131,5,0,0
BRDA:131,5,1,4
BRF:12
BRH:9
end_of_record
TN:
SF:src/lib/notification-settings/notification-settings.tsx
FN:9,NotificationSettings
FN:17,(anonymous_1)
FN:27,handleCheckboxChange
FN:29,(anonymous_3)
FN:35,saveSettings
FN:42,uncheckAll
FNF:6
FNH:6
FNDA:13,NotificationSettings
FNDA:5,(anonymous_1)
FNDA:2,handleCheckboxChange
FNDA:2,(anonymous_3)
FNDA:1,saveSettings
FNDA:1,uncheckAll
DA:10,13
DA:17,13
DA:18,5
DA:24,5
DA:28,2
DA:29,2
DA:36,1
DA:37,1
DA:38,1
DA:39,1
DA:43,1
DA:51,13
LF:12
LH:12
BRF:0
BRH:0
end_of_record
TN:
SF:src/lib/overview-page/overview-page.tsx
FN:32,OverviewPage
FN:68,(anonymous_1)
FN:84,(anonymous_2)
FN:85,someFunction
FN:103,(anonymous_4)
FN:149,(anonymous_5)
FN:155,(anonymous_6)
FN:189,(anonymous_7)
FN:193,(anonymous_8)
FN:210,(anonymous_9)
FNF:10
FNH:0
FNDA:0,OverviewPage
FNDA:0,(anonymous_1)
FNDA:0,(anonymous_2)
FNDA:0,someFunction
FNDA:0,(anonymous_4)
FNDA:0,(anonymous_5)
FNDA:0,(anonymous_6)
FNDA:0,(anonymous_7)
FNDA:0,(anonymous_8)
FNDA:0,(anonymous_9)
DA:49,0
DA:57,0
DA:58,0
DA:59,0
DA:60,0
DA:61,0
DA:63,0
DA:64,0
DA:65,0
DA:66,0
DA:67,0
DA:68,0
DA:69,0
DA:70,0
DA:71,0
DA:72,0
DA:73,0
DA:74,0
DA:75,0
DA:76,0
DA:77,0
DA:78,0
DA:79,0
DA:80,0
DA:81,0
DA:84,0
DA:86,0
DA:87,0
DA:88,0
DA:89,0
DA:90,0
DA:91,0
DA:94,0
DA:96,0
DA:97,0
DA:98,0
DA:101,0
DA:103,0
DA:104,0
DA:107,0
DA:110,0
DA:114,0
DA:129,0
DA:141,0
DA:143,0
DA:145,0
DA:150,0
DA:156,0
DA:157,0
DA:190,0
DA:193,0
DA:211,0
LF:52
LH:0
BRDA:87,0,0,0
BRDA:87,0,1,0
BRDA:96,1,0,0
BRDA:96,1,1,0
BRDA:97,2,0,0
BRDA:97,2,1,0
BRDA:110,3,0,0
BRDA:110,3,1,0
BRDA:153,4,0,0
BRDA:153,4,1,0
BRDA:165,5,0,0
BRDA:165,5,1,0
BRDA:167,6,0,0
BRDA:167,6,1,0
BRDA:170,7,0,0
BRDA:170,7,1,0
BRF:16
BRH:0
end_of_record
TN:
SF:src/lib/overview-page/overviewServices.tsx
FN:14,getUser
FN:23,getAccounts
FN:29,(anonymous_2)
FN:37,getTransactions
FN:49,(anonymous_4)
FN:71,getMoneyIn
FN:82,getMoneyOut
FN:93,getLastTransaction
FN:98,getMonthlyIncome
FN:115,getMonthlyExpenses
FN:132,getExpensesByCategory
FNF:11
FNH:0
FNDA:0,getUser
FNDA:0,getAccounts
FNDA:0,(anonymous_2)
FNDA:0,getTransactions
FNDA:0,(anonymous_4)
FNDA:0,getMoneyIn
FNDA:0,getMoneyOut
FNDA:0,getLastTransaction
FNDA:0,getMonthlyIncome
FNDA:0,getMonthlyExpenses
FNDA:0,getExpensesByCategory
DA:15,0
DA:16,0
DA:17,0
DA:18,0
DA:24,0
DA:25,0
DA:26,0
DA:27,0
DA:29,0
DA:30,0
DA:33,0
DA:38,0
DA:39,0
DA:40,0
DA:42,0
DA:47,0
DA:49,0
DA:50,0
DA:51,0
DA:52,0
DA:53,0
DA:54,0
DA:55,0
DA:56,0
DA:59,0
DA:61,0
DA:62,0
DA:67,0
DA:72,0
DA:73,0
DA:74,0
DA:75,0
DA:78,0
DA:83,0
DA:84,0
DA:85,0
DA:86,0
DA:89,0
DA:94,0
DA:99,0
DA:100,0
DA:101,0
DA:103,0
DA:104,0
DA:105,0
DA:106,0
DA:107,0
DA:108,0
DA:111,0
DA:116,0
DA:117,0
DA:118,0
DA:120,0
DA:121,0
DA:122,0
DA:123,0
DA:124,0
DA:125,0
DA:128,0
DA:133,0
DA:134,0
DA:135,0
DA:137,0
DA:138,0
DA:139,0
DA:141,0
DA:142,0
DA:144,0
DA:145,0
DA:147,0
DA:148,0
DA:150,0
DA:151,0
DA:153,0
DA:154,0
DA:156,0
DA:157,0
DA:159,0
DA:160,0
DA:162,0
DA:163,0
DA:166,0
LF:82
LH:0
BRDA:16,0,0,0
BRDA:16,0,1,0
BRDA:52,1,0,0
BRDA:52,1,1,0
BRDA:55,2,0,0
BRDA:55,2,1,0
BRDA:61,3,0,0
BRDA:61,3,1,0
BRDA:74,4,0,0
BRDA:74,4,1,0
BRDA:85,5,0,0
BRDA:85,5,1,0
BRDA:107,6,0,0
BRDA:107,6,1,0
BRDA:124,7,0,0
BRDA:124,7,1,0
BRDA:138,8,0,0
BRDA:138,8,1,0
BRDA:141,9,0,0
BRDA:141,9,1,0
BRDA:144,10,0,0
BRDA:144,10,1,0
BRDA:147,11,0,0
BRDA:147,11,1,0
BRDA:150,12,0,0
BRDA:150,12,1,0
BRDA:153,13,0,0
BRDA:153,13,1,0
BRDA:156,14,0,0
BRDA:156,14,1,0
BRDA:159,15,0,0
BRDA:159,15,1,0
BRDA:162,16,0,0
BRDA:162,16,1,0
BRF:34
BRH:0
end_of_record
TN:
SF:src/lib/planning-page/PlanningPage.tsx
FN:29,GoalModal
FN:45,(anonymous_1)
FN:51,(anonymous_2)
FN:57,(anonymous_3)
FN:73,(anonymous_4)
FN:92,(anonymous_5)
FN:97,(anonymous_6)
FN:102,(anonymous_7)
FN:107,(anonymous_8)
FN:112,(anonymous_9)
FN:125,(anonymous_10)
FN:130,(anonymous_11)
FN:343,UpcomingPaymentsBar
FN:364,PlanningPage
FN:382,(anonymous_14)
FN:383,(anonymous_15)
FN:388,(anonymous_16)
FN:411,(anonymous_17)
FN:420,(anonymous_18)
FN:430,(anonymous_19)
FNF:20
FNH:0
FNDA:0,GoalModal
FNDA:0,(anonymous_1)
FNDA:0,(anonymous_2)
FNDA:0,(anonymous_3)
FNDA:0,(anonymous_4)
FNDA:0,(anonymous_5)
FNDA:0,(anonymous_6)
FNDA:0,(anonymous_7)
FNDA:0,(anonymous_8)
FNDA:0,(anonymous_9)
FNDA:0,(anonymous_10)
FNDA:0,(anonymous_11)
FNDA:0,UpcomingPaymentsBar
FNDA:0,PlanningPage
FNDA:0,(anonymous_14)
FNDA:0,(anonymous_15)
FNDA:0,(anonymous_16)
FNDA:0,(anonymous_17)
FNDA:0,(anonymous_18)
FNDA:0,(anonymous_19)
DA:30,0
DA:31,0
DA:32,0
DA:33,0
DA:34,0
DA:40,0
DA:41,0
DA:43,0
DA:45,0
DA:46,0
DA:47,0
DA:51,0
DA:52,0
DA:53,0
DA:57,0
DA:58,0
DA:59,0
DA:60,0
DA:67,0
DA:70,0
DA:73,0
DA:74,0
DA:75,0
DA:76,0
DA:77,0
DA:92,0
DA:93,0
DA:94,0
DA:97,0
DA:98,0
DA:99,0
DA:102,0
DA:103,0
DA:104,0
DA:107,0
DA:108,0
DA:109,0
DA:110,0
DA:111,0
DA:112,0
DA:113,0
DA:114,0
DA:119,0
DA:121,0
DA:125,0
DA:126,0
DA:127,0
DA:130,0
DA:131,0
DA:132,0
DA:135,0
DA:344,0
DA:365,0
DA:366,0
DA:367,0
DA:380,0
DA:382,0
DA:383,0
DA:384,0
DA:385,0
DA:386,0
DA:387,0
DA:388,0
DA:389,0
DA:390,0
DA:395,0
DA:397,0
DA:400,0
DA:403,0
DA:411,0
DA:420,0
DA:430,0
LF:72
LH:0
BRDA:46,0,0,0
BRDA:46,0,1,0
BRDA:52,1,0,0
BRDA:52,1,1,0
BRDA:58,2,0,0
BRDA:58,2,1,0
BRDA:58,3,0,0
BRDA:58,3,1,0
BRDA:59,4,0,0
BRDA:59,4,1,0
BRDA:152,5,0,0
BRDA:152,5,1,0
BRDA:155,6,0,0
BRDA:155,6,1,0
BRDA:187,7,0,0
BRDA:187,7,1,0
BRDA:232,8,0,0
BRDA:232,8,1,0
BRDA:233,9,0,0
BRDA:233,9,1,0
BRDA:234,10,0,0
BRDA:234,10,1,0
BRDA:239,11,0,0
BRDA:239,11,1,0
BRDA:239,11,2,0
BRDA:242,12,0,0
BRDA:242,12,1,0
BRDA:274,13,0,0
BRDA:274,13,1,0
BRDA:285,14,0,0
BRDA:285,14,1,0
BRDA:292,15,0,0
BRDA:292,15,1,0
BRDA:307,16,0,0
BRDA:307,16,1,0
BRDA:315,17,0,0
BRDA:315,17,1,0
BRDA:315,17,2,0
BRDA:332,18,0,0
BRDA:332,18,1,0
BRDA:409,19,0,0
BRDA:409,19,1,0
BRDA:418,20,0,0
BRDA:418,20,1,0
BRDA:428,21,0,0
BRDA:428,21,1,0
BRDA:439,22,0,0
BRDA:439,22,1,0
BRDA:439,23,0,0
BRDA:439,23,1,0
BRDA:441,24,0,0
BRDA:441,24,1,0
BRF:52
BRH:0
end_of_record
TN:
SF:src/lib/settings-page/settings.tsx
FN:13,Settings
FN:18,(anonymous_1)
FN:28,(anonymous_2)
FN:37,(anonymous_3)
FN:46,(anonymous_4)
FN:56,(anonymous_5)
FNF:6
FNH:5
FNDA:9,Settings
FNDA:0,(anonymous_1)
FNDA:1,(anonymous_2)
FNDA:1,(anonymous_3)
FNDA:1,(anonymous_4)
FNDA:1,(anonymous_5)
DA:14,9
DA:15,9
DA:17,9
DA:18,9
DA:19,0
DA:22,9
DA:28,1
DA:37,1
DA:46,1
DA:56,1
LF:10
LH:9
BRDA:64,0,0,9
BRDA:64,0,1,1
BRDA:67,1,0,9
BRDA:67,1,1,1
BRDA:70,2,0,9
BRDA:70,2,1,1
BRDA:71,3,0,9
BRDA:71,3,1,1
BRF:8
BRH:8
end_of_record
TN:
SF:src/lib/sign-in-modal/SignInModal.tsx
FN:22,SignInModal
FN:29,(anonymous_1)
FN:33,(anonymous_2)
FN:37,(anonymous_3)
FN:61,(anonymous_4)
FN:105,(anonymous_5)
FN:123,(anonymous_6)
FN:179,(anonymous_7)
FNF:8
FNH:5
FNDA:7,SignInModal
FNDA:1,(anonymous_1)
FNDA:1,(anonymous_2)
FNDA:1,(anonymous_3)
FNDA:1,(anonymous_4)
FNDA:0,(anonymous_5)
FNDA:0,(anonymous_6)
FNDA:0,(anonymous_7)
DA:23,7
DA:24,7
DA:25,7
DA:26,7
DA:27,7
DA:28,7
DA:29,7
DA:30,1
DA:33,7
DA:34,1
DA:37,7
DA:38,1
DA:39,1
DA:40,1
DA:41,1
DA:42,1
DA:43,1
DA:44,1
DA:46,0
DA:47,0
DA:48,0
DA:49,0
DA:50,0
DA:51,0
DA:52,0
DA:53,0
DA:54,0
DA:56,0
DA:61,7
DA:62,1
DA:63,1
DA:64,1
DA:65,1
DA:67,0
DA:68,0
DA:69,0
DA:70,0
DA:75,0
DA:76,0
DA:78,0
DA:79,0
DA:80,0
DA:81,0
DA:82,0
DA:84,0
DA:85,0
DA:87,0
DA:88,0
DA:90,0
DA:91,0
DA:93,0
DA:94,0
DA:96,0
DA:97,0
DA:99,0
DA:101,0
DA:105,7
DA:106,0
DA:108,7
DA:123,0
DA:179,0
LF:61
LH:25
BRDA:46,0,0,0
BRDA:46,0,1,0
BRDA:62,1,0,1
BRDA:62,1,1,0
BRDA:62,2,0,1
BRDA:62,2,1,0
BRDA:78,3,0,0
BRDA:78,3,1,0
BRDA:82,4,0,0
BRDA:82,4,1,0
BRDA:82,4,2,0
BRDA:82,4,3,0
BRDA:82,4,4,0
BRDA:110,5,0,7
BRDA:110,5,1,0
BRDA:185,6,0,7
BRDA:185,6,1,1
BRF:17
BRH:5
end_of_record
TN:
SF:src/lib/sign-up-modal/SignUpModal.tsx
FN:19,SignUpModal
FN:26,(anonymous_1)
FN:32,(anonymous_2)
FN:56,(anonymous_3)
FN:61,signup
FNF:5
FNH:5
FNDA:19,SignUpModal
FNDA:8,(anonymous_1)
FNDA:2,(anonymous_2)
FNDA:3,(anonymous_3)
FNDA:4,signup
DA:20,19
DA:21,19
DA:22,19
DA:23,19
DA:24,19
DA:26,19
DA:27,8
DA:28,8
DA:29,8
DA:32,19
DA:33,2
DA:34,2
DA:35,2
DA:36,2
DA:37,2
DA:38,1
DA:39,1
DA:41,1
DA:42,0
DA:43,0
DA:44,0
DA:45,0
DA:46,0
DA:47,0
DA:48,0
DA:49,0
DA:51,1
DA:56,19
DA:57,3
DA:58,3
DA:62,4
DA:63,1
DA:64,1
DA:65,1
DA:66,1
DA:69,3
DA:70,1
DA:71,1
DA:72,1
DA:73,1
DA:76,2
DA:77,2
DA:82,1
DA:84,1
DA:85,0
DA:86,0
DA:87,0
DA:88,0
DA:90,0
DA:91,0
DA:93,0
DA:96,0
DA:98,0
DA:99,0
DA:101,0
DA:102,0
DA:104,0
DA:105,0
DA:107,0
DA:108,0
DA:109,0
DA:112,1
DA:117,19
LF:63
LH:38
BRDA:28,0,0,4
BRDA:28,0,1,4
BRDA:29,1,0,4
BRDA:29,1,1,4
BRDA:41,2,0,0
BRDA:41,2,1,1
BRDA:62,3,0,1
BRDA:62,3,1,3
BRDA:62,4,0,4
BRDA:62,4,1,3
BRDA:69,5,0,1
BRDA:69,5,1,2
BRDA:84,6,0,0
BRDA:84,6,1,1
BRDA:88,7,0,0
BRDA:88,7,1,0
BRDA:88,7,2,0
BRDA:88,7,3,0
BRDA:88,7,4,0
BRDA:107,8,0,0
BRDA:107,8,1,0
BRDA:183,9,0,19
BRDA:183,9,1,2
BRF:23
BRH:14
end_of_record
TN:
SF:src/lib/sign-up-page/SignUpPage.tsx
FN:9,SignUpPage
FNF:1
FNH:0
FNDA:0,SignUpPage
DA:10,0
LF:1
LH:0
BRF:0
BRH:0
end_of_record
TN:
SF:src/lib/specific-account-page/specific-account-page.tsx
FN:77,splitMonthYear
FN:84,getBalancesForMonthYears
FN:130,getSeparateYearMonthsAsTransactionObjects
FN:138,(anonymous_3)
FN:162,getUniqueYearMonths
FN:201,getMonthName
FN:210,isDuplicate
FN:222,MergeTransactions
FN:250,(anonymous_8)
FN:251,(anonymous_9)
FN:259,(anonymous_10)
FN:277,(anonymous_11)
FN:306,(anonymous_12)
FN:351,(anonymous_13)
FN:357,(anonymous_14)
FN:361,(anonymous_15)
FN:362,(anonymous_16)
FN:365,(anonymous_17)
FN:389,rollingYears
FN:413,getCurrentMonthYear
FN:421,getRollingMonthYears
FN:444,yearMonthToString
FN:454,GraphSection
FN:462,(anonymous_23)
FN:463,(anonymous_24)
FN:464,(anonymous_25)
FN:491,(anonymous_26)
FN:497,(anonymous_27)
FN:506,(anonymous_28)
FN:509,(anonymous_29)
FN:513,(anonymous_30)
FN:514,(anonymous_31)
FN:516,(anonymous_32)
FN:518,(anonymous_33)
FN:520,(anonymous_34)
FN:523,(anonymous_35)
FN:582,InfoSection
FN:587,handleDelete
FN:591,handleback
FN:595,(anonymous_39)
FN:656,(anonymous_40)
FN:699,SpinnerLoader
FN:700,(anonymous_42)
FN:702,(anonymous_43)
FN:711,(anonymous_44)
FN:737,SuccessModal
FN:738,(anonymous_46)
FN:740,(anonymous_47)
FN:749,(anonymous_48)
FN:767,EditAliasModal
FN:772,(anonymous_50)
FN:776,(anonymous_51)
FN:781,(anonymous_52)
FN:786,(anonymous_53)
FN:817,(anonymous_54)
FN:844,AreYouSure
FN:847,(anonymous_56)
FN:851,(anonymous_57)
FN:856,handleDeleteConfirm
FN:867,(anonymous_59)
FN:877,(anonymous_60)
FN:902,SpecificAccountPage
FN:917,(anonymous_62)
FN:918,(anonymous_63)
FN:919,(anonymous_64)
FNF:65
FNH:0
FNDA:0,splitMonthYear
FNDA:0,getBalancesForMonthYears
FNDA:0,getSeparateYearMonthsAsTransactionObjects
FNDA:0,(anonymous_3)
FNDA:0,getUniqueYearMonths
FNDA:0,getMonthName
FNDA:0,isDuplicate
FNDA:0,MergeTransactions
FNDA:0,(anonymous_8)
FNDA:0,(anonymous_9)
FNDA:0,(anonymous_10)
FNDA:0,(anonymous_11)
FNDA:0,(anonymous_12)
FNDA:0,(anonymous_13)
FNDA:0,(anonymous_14)
FNDA:0,(anonymous_15)
FNDA:0,(anonymous_16)
FNDA:0,(anonymous_17)
FNDA:0,rollingYears
FNDA:0,getCurrentMonthYear
FNDA:0,getRollingMonthYears
FNDA:0,yearMonthToString
FNDA:0,GraphSection
FNDA:0,(anonymous_23)
FNDA:0,(anonymous_24)
FNDA:0,(anonymous_25)
FNDA:0,(anonymous_26)
FNDA:0,(anonymous_27)
FNDA:0,(anonymous_28)
FNDA:0,(anonymous_29)
FNDA:0,(anonymous_30)
FNDA:0,(anonymous_31)
FNDA:0,(anonymous_32)
FNDA:0,(anonymous_33)
FNDA:0,(anonymous_34)
FNDA:0,(anonymous_35)
FNDA:0,InfoSection
FNDA:0,handleDelete
FNDA:0,handleback
FNDA:0,(anonymous_39)
FNDA:0,(anonymous_40)
FNDA:0,SpinnerLoader
FNDA:0,(anonymous_42)
FNDA:0,(anonymous_43)
FNDA:0,(anonymous_44)
FNDA:0,SuccessModal
FNDA:0,(anonymous_46)
FNDA:0,(anonymous_47)
FNDA:0,(anonymous_48)
FNDA:0,EditAliasModal
FNDA:0,(anonymous_50)
FNDA:0,(anonymous_51)
FNDA:0,(anonymous_52)
FNDA:0,(anonymous_53)
FNDA:0,(anonymous_54)
FNDA:0,AreYouSure
FNDA:0,(anonymous_56)
FNDA:0,(anonymous_57)
FNDA:0,handleDeleteConfirm
FNDA:0,(anonymous_59)
FNDA:0,(anonymous_60)
FNDA:0,SpecificAccountPage
FNDA:0,(anonymous_62)
FNDA:0,(anonymous_63)
FNDA:0,(anonymous_64)
DA:78,0
DA:79,0
DA:81,0
DA:90,0
DA:91,0
DA:92,0
DA:93,0
DA:98,0
DA:99,0
DA:100,0
DA:101,0
DA:102,0
DA:103,0
DA:104,0
DA:105,0
DA:106,0
DA:107,0
DA:108,0
DA:109,0
DA:110,0
DA:111,0
DA:113,0
DA:121,0
DA:122,0
DA:123,0
DA:127,0
DA:133,0
DA:135,0
DA:136,0
DA:138,0
DA:139,0
DA:140,0
DA:141,0
DA:142,0
DA:144,0
DA:152,0
DA:153,0
DA:156,0
DA:159,0
DA:163,0
DA:165,0
DA:166,0
DA:167,0
DA:168,0
DA:170,0
DA:171,0
DA:174,0
DA:177,0
DA:179,0
DA:180,0
DA:183,0
DA:186,1
DA:202,0
DA:203,0
DA:204,0
DA:206,0
DA:214,0
DA:229,0
DA:230,0
DA:231,0
DA:233,0
DA:238,0
DA:239,0
DA:240,0
DA:241,0
DA:242,0
DA:243,0
DA:244,0
DA:246,0
DA:247,0
DA:249,0
DA:251,0
DA:252,0
DA:256,0
DA:258,0
DA:259,0
DA:260,0
DA:261,0
DA:263,0
DA:265,0
DA:266,0
DA:267,0
DA:271,0
DA:276,0
DA:277,0
DA:278,0
DA:279,0
DA:281,0
DA:283,0
DA:284,0
DA:285,0
DA:289,0
DA:294,0
DA:295,0
DA:296,0
DA:297,0
DA:300,0
DA:301,0
DA:304,0
DA:305,0
DA:306,0
DA:307,0
DA:308,0
DA:310,0
DA:314,0
DA:315,0
DA:316,0
DA:317,0
DA:318,0
DA:319,0
DA:320,0
DA:321,0
DA:322,0
DA:323,0
DA:325,0
DA:331,0
DA:332,0
DA:333,0
DA:337,0
DA:343,0
DA:344,0
DA:345,0
DA:346,0
DA:351,1
DA:356,0
DA:357,0
DA:358,0
DA:359,0
DA:361,0
DA:362,0
DA:365,0
DA:366,0
DA:367,0
DA:372,0
DA:374,0
DA:375,0
DA:383,0
DA:386,0
DA:391,0
DA:392,0
DA:394,0
DA:397,0
DA:399,0
DA:401,0
DA:403,0
DA:405,0
DA:410,0
DA:414,0
DA:415,0
DA:416,0
DA:418,0
DA:422,0
DA:423,0
DA:425,0
DA:427,0
DA:428,0
DA:429,0
DA:431,0
DA:432,0
DA:433,0
DA:436,0
DA:437,0
DA:438,0
DA:441,0
DA:445,0
DA:446,0
DA:447,0
DA:448,0
DA:450,0
DA:455,0
DA:456,0
DA:457,0
DA:458,0
DA:459,0
DA:460,0
DA:462,0
DA:463,0
DA:464,0
DA:465,0
DA:466,0
DA:467,0
DA:469,0
DA:476,0
DA:477,0
DA:479,0
DA:480,0
DA:481,0
DA:483,0
DA:484,0
DA:486,0
DA:488,0
DA:491,0
DA:492,0
DA:493,0
DA:497,0
DA:498,0
DA:499,0
DA:500,0
DA:501,0
DA:502,0
DA:506,0
DA:507,0
DA:508,0
DA:509,0
DA:510,0
DA:511,0
DA:513,0
DA:514,0
DA:516,0
DA:517,0
DA:518,0
DA:519,0
DA:520,0
DA:521,0
DA:522,0
DA:523,0
DA:524,0
DA:525,0
DA:529,0
DA:532,0
DA:535,0
DA:538,0
DA:540,0
DA:541,0
DA:543,0
DA:583,0
DA:584,0
DA:585,0
DA:588,0
DA:592,0
DA:595,0
DA:596,0
DA:597,0
DA:600,0
DA:605,0
DA:606,0
DA:607,0
DA:610,0
DA:618,0
DA:657,0
DA:700,0
DA:702,0
DA:704,0
DA:707,0
DA:711,0
DA:738,0
DA:740,0
DA:742,0
DA:745,0
DA:749,0
DA:768,0
DA:769,0
DA:770,0
DA:772,0
DA:773,0
DA:776,0
DA:778,0
DA:781,0
DA:782,0
DA:783,0
DA:786,0
DA:787,0
DA:788,0
DA:789,0
DA:791,0
DA:792,0
DA:794,0
DA:799,0
DA:800,0
DA:801,0
DA:804,0
DA:810,0
DA:813,0
DA:817,0
DA:845,0
DA:846,0
DA:847,0
DA:848,0
DA:851,0
DA:853,0
DA:857,0
DA:858,0
DA:859,0
DA:860,0
DA:865,0
DA:866,0
DA:867,0
DA:868,0
DA:873,0
DA:877,0
DA:903,0
DA:904,0
DA:905,0
DA:906,0
DA:907,0
DA:914,0
DA:915,0
DA:917,0
DA:918,0
DA:919,0
DA:920,0
DA:921,0
DA:926,0
DA:927,0
DA:928,0
DA:929,0
DA:930,0
DA:936,0
DA:938,0
DA:941,0
DA:944,0
DA:947,0
LF:312
LH:2
BRDA:99,0,0,0
BRDA:99,0,1,0
BRDA:107,1,0,0
BRDA:107,1,1,0
BRDA:108,2,0,0
BRDA:108,2,1,0
BRDA:110,3,0,0
BRDA:110,3,1,0
BRDA:122,4,0,0
BRDA:122,4,1,0
BRDA:152,5,0,0
BRDA:152,5,1,0
BRDA:170,6,0,0
BRDA:170,6,1,0
BRDA:203,7,0,0
BRDA:203,7,1,0
BRDA:203,8,0,0
BRDA:203,8,1,0
BRDA:215,9,0,0
BRDA:215,9,1,0
BRDA:215,9,2,0
BRDA:215,9,3,0
BRDA:239,10,0,0
BRDA:239,10,1,0
BRDA:244,11,0,0
BRDA:244,11,1,0
BRDA:256,12,0,0
BRDA:256,12,1,0
BRDA:322,13,0,0
BRDA:322,13,1,0
BRDA:331,14,0,0
BRDA:331,14,1,0
BRDA:366,15,0,0
BRDA:366,15,1,0
BRDA:401,16,0,0
BRDA:401,16,1,0
BRDA:431,17,0,0
BRDA:431,17,1,0
BRDA:492,18,0,0
BRDA:492,18,1,0
BRDA:499,19,0,0
BRDA:499,19,1,0
BRDA:499,20,0,0
BRDA:499,20,1,0
BRDA:517,21,0,0
BRDA:517,21,1,0
BRDA:519,22,0,0
BRDA:519,22,1,0
BRDA:544,23,0,0
BRDA:544,23,1,0
BRDA:544,23,2,0
BRDA:596,24,0,0
BRDA:596,24,1,0
BRDA:787,25,0,0
BRDA:787,25,1,0
BRDA:827,26,0,0
BRDA:827,26,1,0
BRDA:927,27,0,0
BRDA:927,27,1,0
BRDA:965,28,0,0
BRDA:965,28,1,0
BRDA:966,29,0,0
BRDA:966,29,1,0
BRDA:967,30,0,0
BRDA:967,30,1,0
BRDA:974,31,0,0
BRDA:974,31,1,0
BRF:67
BRH:0
end_of_record
TN:
SF:src/lib/support-page/support.tsx
FN:11,Support
FN:16,(anonymous_1)
FN:20,(anonymous_2)
FN:60,(anonymous_3)
FN:84,(anonymous_4)
FN:104,(anonymous_5)
FNF:6
FNH:6
FNDA:10,Support
FNDA:1,(anonymous_1)
FNDA:1,(anonymous_2)
FNDA:1,(anonymous_3)
FNDA:1,(anonymous_4)
FNDA:1,(anonymous_5)
DA:12,10
DA:13,10
DA:14,10
DA:16,10
DA:17,1
DA:20,10
DA:21,1
DA:24,10
DA:61,1
DA:85,1
DA:105,1
LF:11
LH:11
BRDA:66,0,0,10
BRDA:66,0,1,1
BRDA:90,1,0,10
BRDA:90,1,1,1
BRDA:102,2,0,10
BRDA:102,2,1,9
BRDA:112,3,0,10
BRDA:112,3,1,1
BRF:8
BRH:8
end_of_record
TN:
SF:src/lib/update-goal-progress-popup/UpdateGoalProgressPopup.tsx
FN:17,(anonymous_0)
FN:20,(anonymous_1)
FN:26,(anonymous_2)
FN:48,UpdateGoalProgressPopup
FN:75,(anonymous_4)
FN:107,(anonymous_5)
FN:126,(anonymous_6)
FN:141,(anonymous_7)
FN:160,(anonymous_8)
FN:210,(anonymous_9)
FN:232,getMonthName
FN:240,getYear
FN:267,(anonymous_12)
FN:272,(anonymous_13)
FN:282,(anonymous_14)
FN:290,(anonymous_15)
FN:302,(anonymous_16)
FN:303,getMonthAmount
FN:308,(anonymous_18)
FN:345,(anonymous_19)
FN:408,(anonymous_20)
FN:470,(anonymous_21)
FNF:22
FNH:0
FNDA:0,(anonymous_0)
FNDA:0,(anonymous_1)
FNDA:0,(anonymous_2)
FNDA:0,UpdateGoalProgressPopup
FNDA:0,(anonymous_4)
FNDA:0,(anonymous_5)
FNDA:0,(anonymous_6)
FNDA:0,(anonymous_7)
FNDA:0,(anonymous_8)
FNDA:0,(anonymous_9)
FNDA:0,getMonthName
FNDA:0,getYear
FNDA:0,(anonymous_12)
FNDA:0,(anonymous_13)
FNDA:0,(anonymous_14)
FNDA:0,(anonymous_15)
FNDA:0,(anonymous_16)
FNDA:0,getMonthAmount
FNDA:0,(anonymous_18)
FNDA:0,(anonymous_19)
FNDA:0,(anonymous_20)
FNDA:0,(anonymous_21)
DA:17,1
DA:18,0
DA:20,0
DA:21,0
DA:22,0
DA:26,0
DA:27,0
DA:28,0
DA:29,0
DA:32,0
DA:49,0
DA:50,0
DA:51,0
DA:75,1
DA:76,0
DA:77,0
DA:78,0
DA:79,0
DA:80,0
DA:81,0
DA:82,0
DA:83,0
DA:84,0
DA:87,0
DA:107,0
DA:108,0
DA:109,0
DA:110,0
DA:117,0
DA:123,0
DA:126,0
DA:127,0
DA:132,0
DA:133,0
DA:135,0
DA:137,0
DA:141,0
DA:142,0
DA:143,0
DA:144,0
DA:151,0
DA:157,0
DA:160,0
DA:161,0
DA:163,0
DA:170,0
DA:171,0
DA:175,0
DA:176,0
DA:177,0
DA:178,0
DA:181,0
DA:182,0
DA:183,0
DA:186,0
DA:189,0
DA:191,0
DA:195,0
DA:196,0
DA:200,0
DA:205,0
DA:209,0
DA:210,0
DA:213,0
DA:214,0
DA:217,0
DA:220,0
DA:226,0
DA:228,0
DA:233,0
DA:234,0
DA:237,0
DA:241,0
DA:242,0
DA:243,0
DA:246,0
DA:261,0
DA:262,0
DA:263,0
DA:265,0
DA:267,0
DA:268,0
DA:269,0
DA:270,0
DA:271,0
DA:272,0
DA:274,0
DA:277,0
DA:279,0
DA:282,0
DA:283,0
DA:284,0
DA:286,0
DA:290,0
DA:291,0
DA:292,0
DA:298,0
DA:302,0
DA:304,0
DA:305,0
DA:308,0
DA:310,0
DA:311,0
DA:313,0
DA:317,0
DA:320,0
DA:345,0
DA:408,0
DA:470,0
LF:109
LH:2
BRDA:21,0,0,0
BRDA:21,0,1,0
BRDA:27,1,0,0
BRDA:27,1,1,0
BRDA:108,2,0,0
BRDA:108,2,1,0
BRDA:108,3,0,0
BRDA:108,3,1,0
BRDA:109,4,0,0
BRDA:109,4,1,0
BRDA:127,5,0,0
BRDA:127,5,1,0
BRDA:128,6,0,0
BRDA:128,6,1,0
BRDA:128,6,2,0
BRDA:132,7,0,0
BRDA:132,7,1,0
BRDA:142,8,0,0
BRDA:142,8,1,0
BRDA:142,9,0,0
BRDA:142,9,1,0
BRDA:143,10,0,0
BRDA:143,10,1,0
BRDA:170,11,0,0
BRDA:170,11,1,0
BRDA:170,12,0,0
BRDA:170,12,1,0
BRDA:172,13,0,0
BRDA:172,13,1,0
BRDA:177,14,0,0
BRDA:177,14,1,0
BRDA:186,15,0,0
BRDA:186,15,1,0
BRDA:187,16,0,0
BRDA:187,16,1,0
BRDA:196,17,0,0
BRDA:196,17,1,0
BRDA:197,18,0,0
BRDA:197,18,1,0
BRDA:205,19,0,0
BRDA:205,19,1,0
BRDA:213,20,0,0
BRDA:213,20,1,0
BRDA:268,21,0,0
BRDA:268,21,1,0
BRDA:274,22,0,0
BRDA:274,22,1,0
BRDA:283,23,0,0
BRDA:283,23,1,0
BRDA:291,24,0,0
BRDA:291,24,1,0
BRDA:305,25,0,0
BRDA:305,25,1,0
BRDA:310,26,0,0
BRDA:310,26,1,0
BRDA:326,27,0,0
BRDA:326,27,1,0
BRDA:344,28,0,0
BRDA:344,28,1,0
BRDA:389,29,0,0
BRDA:389,29,1,0
BRDA:407,30,0,0
BRDA:407,30,1,0
BRDA:451,31,0,0
BRDA:451,31,1,0
BRDA:469,32,0,0
BRDA:469,32,1,0
BRF:67
BRH:0
end_of_record
TN:
SF:src/lib/upload-statement-csv/UploadStatementCSV.tsx
FN:11,UploadStatementCSV
FN:14,(anonymous_1)
FN:20,(anonymous_2)
FNF:3
FNH:0
FNDA:0,UploadStatementCSV
FNDA:0,(anonymous_1)
FNDA:0,(anonymous_2)
DA:12,0
DA:14,0
DA:15,0
DA:16,0
DA:20,0
DA:21,0
DA:22,0
DA:23,0
DA:24,0
DA:25,0
DA:29,0
LF:11
LH:0
BRDA:15,0,0,0
BRDA:15,0,1,0
BRDA:22,1,0,0
BRDA:22,1,1,0
BRDA:22,2,0,0
BRDA:22,2,1,0
BRF:6
BRH:0
end_of_record
TN:
SF:src/mocks/globalMocks.js
FN:13,(anonymous_0)
FN:19,(anonymous_1)
FNF:2
FNH:1
FNDA:26,(anonymous_0)
FNDA:0,(anonymous_1)
DA:1,25
DA:8,25
DA:12,25
DA:14,26
DA:18,25
DA:19,0
LF:6
LH:5
BRF:0
BRH:0
end_of_record
