TN:
SF:public/images/BudgieNoBG.png
FNF:0
FNH:0
DA:1,5
LF:1
LH:1
BRF:0
BRH:0
end_of_record
TN:
SF:src/index.ts
FNF:0
FNH:0
LF:0
LH:0
BRF:0
BRH:0
end_of_record
TN:
SF:src/lib/Landing/Landing.tsx
FN:10,Landing
FN:17,(anonymous_1)
FN:48,(anonymous_2)
FNF:3
FNH:1
FNDA:1,Landing
FNDA:0,(anonymous_1)
FNDA:0,(anonymous_2)
DA:11,1
DA:12,1
DA:18,0
DA:49,0
LF:4
LH:2
BRDA:14,0,0,1
BRDA:14,0,1,0
BRDA:29,1,0,1
BRDA:29,1,1,1
BRDA:58,2,0,1
BRDA:58,2,1,1
BRF:6
BRH:5
end_of_record
TN:
SF:src/lib/account-settings/AccountSettings.tsx
FN:19,AccountSettings
FN:28,(anonymous_1)
FN:48,(anonymous_2)
FN:52,(anonymous_3)
FN:96,(anonymous_4)
FNF:5
FNH:1
FNDA:1,AccountSettings
FNDA:0,(anonymous_1)
FNDA:0,(anonymous_2)
FNDA:0,(anonymous_3)
FNDA:0,(anonymous_4)
DA:20,1
DA:21,1
DA:22,1
DA:23,0
DA:25,1
DA:26,1
DA:28,1
DA:29,0
DA:30,0
DA:31,0
DA:32,0
DA:34,0
DA:35,0
DA:36,0
DA:37,0
DA:38,0
DA:40,0
DA:42,0
DA:43,0
DA:46,1
DA:48,1
DA:49,0
DA:52,1
DA:53,0
DA:56,1
DA:96,0
LF:26
LH:10
BRDA:22,0,0,0
BRDA:22,0,1,1
BRDA:30,1,0,0
BRDA:30,1,1,0
BRDA:34,2,0,0
BRDA:34,2,1,0
BRDA:88,3,0,1
BRDA:88,3,1,0
BRF:8
BRH:2
end_of_record
TN:
SF:src/lib/dashboard/Dashboard.tsx
FN:22,Dashboard
FN:37,getUniqueYearMonths
FN:61,getSeparateYearMonthsAsTransactionObjects
FN:69,(anonymous_3)
FN:93,getMonthName
FN:118,isDuplicate
FN:130,MergeTransactions
FN:152,(anonymous_7)
FN:153,(anonymous_8)
FN:161,(anonymous_9)
FN:180,(anonymous_10)
FN:213,(anonymous_11)
FN:254,(anonymous_12)
FN:256,(anonymous_13)
FN:260,(anonymous_14)
FN:261,(anonymous_15)
FN:264,(anonymous_16)
FN:282,(anonymous_17)
FNF:18
FNH:2
FNDA:1,Dashboard
FNDA:0,getUniqueYearMonths
FNDA:0,getSeparateYearMonthsAsTransactionObjects
FNDA:0,(anonymous_3)
FNDA:0,getMonthName
FNDA:0,isDuplicate
FNDA:0,MergeTransactions
FNDA:0,(anonymous_7)
FNDA:0,(anonymous_8)
FNDA:0,(anonymous_9)
FNDA:0,(anonymous_10)
FNDA:0,(anonymous_11)
FNDA:0,(anonymous_12)
FNDA:0,(anonymous_13)
FNDA:0,(anonymous_14)
FNDA:0,(anonymous_15)
FNDA:0,(anonymous_16)
FNDA:1,(anonymous_17)
DA:23,1
DA:24,1
DA:27,1
DA:38,0
DA:40,0
DA:41,0
DA:42,0
DA:43,0
DA:45,0
DA:46,0
DA:49,0
DA:52,0
DA:54,0
DA:55,0
DA:58,0
DA:64,0
DA:66,0
DA:67,0
DA:69,0
DA:70,0
DA:71,0
DA:72,0
DA:73,0
DA:75,0
DA:83,0
DA:84,0
DA:87,0
DA:90,0
DA:94,0
DA:109,0
DA:111,0
DA:112,0
DA:114,0
DA:122,0
DA:135,0
DA:136,0
DA:137,0
DA:140,0
DA:141,0
DA:142,0
DA:143,0
DA:144,0
DA:145,0
DA:146,0
DA:148,0
DA:149,0
DA:151,0
DA:153,0
DA:154,0
DA:158,0
DA:160,0
DA:161,0
DA:162,0
DA:163,0
DA:165,0
DA:167,0
DA:168,0
DA:169,0
DA:170,0
DA:174,0
DA:179,0
DA:180,0
DA:181,0
DA:182,0
DA:184,0
DA:186,0
DA:187,0
DA:188,0
DA:189,0
DA:193,0
DA:198,0
DA:199,0
DA:203,0
DA:204,0
DA:207,0
DA:208,0
DA:211,0
DA:212,0
DA:213,0
DA:214,0
DA:215,0
DA:217,0
DA:221,0
DA:222,0
DA:223,0
DA:224,0
DA:225,0
DA:226,0
DA:227,0
DA:228,0
DA:232,0
DA:233,0
DA:234,0
DA:238,0
DA:243,0
DA:244,0
DA:248,0
DA:249,0
DA:254,1
DA:255,0
DA:256,0
DA:257,0
DA:258,0
DA:260,0
DA:261,0
DA:264,0
DA:265,0
DA:266,0
DA:271,0
DA:273,0
DA:274,0
DA:279,0
DA:282,1
DA:286,1
LF:114
LH:6
BRDA:45,0,0,0
BRDA:45,0,1,0
BRDA:83,1,0,0
BRDA:83,1,1,0
BRDA:111,2,0,0
BRDA:111,2,1,0
BRDA:111,3,0,0
BRDA:111,3,1,0
BRDA:123,4,0,0
BRDA:123,4,1,0
BRDA:123,4,2,0
BRDA:123,4,3,0
BRDA:142,5,0,0
BRDA:142,5,1,0
BRDA:146,6,0,0
BRDA:146,6,1,0
BRDA:158,7,0,0
BRDA:158,7,1,0
BRDA:226,8,0,0
BRDA:226,8,1,0
BRDA:265,9,0,0
BRDA:265,9,1,0
BRF:22
BRH:0
end_of_record
TN:
SF:src/lib/display-settings/DisplaySettings.tsx
FN:11,DisplaySettings
FN:12,(anonymous_1)
FN:16,(anonymous_2)
FNF:3
FNH:1
FNDA:1,DisplaySettings
FNDA:0,(anonymous_1)
FNDA:0,(anonymous_2)
DA:12,1
DA:13,0
DA:16,1
DA:17,0
DA:20,1
LF:5
LH:3
BRF:0
BRH:0
end_of_record
TN:
SF:src/lib/homepage/Homepage.tsx
FN:8,Homepage
FNF:1
FNH:1
FNDA:1,Homepage
DA:9,1
LF:1
LH:1
BRF:0
BRH:0
end_of_record
TN:
SF:src/lib/hooks/UserProvider.tsx
FN:9,(anonymous_0)
FN:13,(anonymous_1)
FNF:2
FNH:0
FNDA:0,(anonymous_0)
FNDA:0,(anonymous_1)
DA:7,1
DA:9,1
DA:10,0
DA:11,0
DA:13,0
DA:14,0
DA:15,0
DA:18,0
LF:8
LH:2
BRDA:20,0,0,0
BRDA:20,0,1,0
BRF:2
BRH:0
end_of_record
TN:
SF:src/lib/navbar/navbar.tsx
FN:13,signout
FN:16,(anonymous_1)
FN:19,(anonymous_2)
FN:24,Navbar
FN:33,(anonymous_4)
FN:53,(anonymous_5)
FN:73,(anonymous_6)
FN:93,(anonymous_7)
FNF:8
FNH:1
FNDA:0,signout
FNDA:0,(anonymous_1)
FNDA:0,(anonymous_2)
FNDA:1,Navbar
FNDA:0,(anonymous_4)
FNDA:0,(anonymous_5)
FNDA:0,(anonymous_6)
FNDA:0,(anonymous_7)
DA:14,0
DA:15,0
DA:17,0
DA:20,0
DA:25,1
DA:33,0
DA:53,0
DA:73,0
DA:93,0
LF:9
LH:1
BRDA:31,0,0,0
BRDA:31,0,1,1
BRDA:51,1,0,0
BRDA:51,1,1,1
BRDA:71,2,0,0
BRDA:71,2,1,1
BRDA:91,3,0,0
BRDA:91,3,1,1
BRF:8
BRH:4
end_of_record
TN:
SF:src/lib/profile/Profile.tsx
FN:8,Profile
FNF:1
FNH:1
FNDA:1,Profile
DA:9,1
LF:1
LH:1
BRF:0
BRH:0
end_of_record
TN:
SF:src/lib/settings/settings.tsx
FN:10,Settings
FN:13,(anonymous_1)
FN:21,(anonymous_2)
FN:25,(anonymous_3)
FN:29,(anonymous_4)
FN:33,(anonymous_5)
FN:37,(anonymous_6)
FNF:7
FNH:1
FNDA:1,Settings
FNDA:0,(anonymous_1)
FNDA:0,(anonymous_2)
FNDA:0,(anonymous_3)
FNDA:0,(anonymous_4)
FNDA:0,(anonymous_5)
FNDA:0,(anonymous_6)
DA:11,1
DA:13,1
DA:14,0
DA:17,1
DA:21,0
DA:25,0
DA:29,0
DA:33,0
DA:37,0
LF:9
LH:3
BRDA:42,0,0,1
BRDA:42,0,1,0
BRDA:43,1,0,1
BRDA:43,1,1,0
BRF:4
BRH:2
end_of_record
TN:
SF:src/lib/sign-in-modal/SignInModal.tsx
FN:19,SignInModal
FN:25,(anonymous_1)
FN:29,(anonymous_2)
FN:33,(anonymous_3)
FN:56,(anonymous_4)
FNF:5
FNH:1
FNDA:1,SignInModal
FNDA:0,(anonymous_1)
FNDA:0,(anonymous_2)
FNDA:0,(anonymous_3)
FNDA:0,(anonymous_4)
DA:20,1
DA:21,1
DA:22,1
DA:23,1
DA:25,1
DA:26,0
DA:29,1
DA:30,0
DA:33,1
DA:34,0
DA:35,0
DA:36,0
DA:37,0
DA:38,0
DA:39,0
DA:41,0
DA:42,0
DA:43,0
DA:44,0
DA:45,0
DA:46,0
DA:47,0
DA:48,0
DA:49,0
DA:51,0
DA:56,1
DA:57,0
DA:58,0
DA:59,0
DA:60,0
DA:62,0
DA:63,0
DA:68,0
DA:69,0
DA:71,0
DA:72,0
DA:73,0
DA:74,0
DA:75,0
DA:77,0
DA:78,0
DA:80,0
DA:81,0
DA:83,0
DA:84,0
DA:86,0
DA:87,0
DA:89,0
DA:90,0
DA:92,0
DA:94,0
DA:99,1
LF:52
LH:9
BRDA:41,0,0,0
BRDA:41,0,1,0
BRDA:57,1,0,0
BRDA:57,1,1,0
BRDA:57,2,0,0
BRDA:57,2,1,0
BRDA:71,3,0,0
BRDA:71,3,1,0
BRDA:75,4,0,0
BRDA:75,4,1,0
BRDA:75,4,2,0
BRDA:75,4,3,0
BRDA:75,4,4,0
BRDA:156,5,0,1
BRDA:156,5,1,0
BRF:15
BRH:1
end_of_record
TN:
SF:src/lib/sign-up-modal/SignUpModal.tsx
FN:19,SignUpModal
FN:25,(anonymous_1)
FN:31,(anonymous_2)
FN:55,(anonymous_3)
FN:60,signup
FNF:5
FNH:1
FNDA:2,SignUpModal
FNDA:0,(anonymous_1)
FNDA:0,(anonymous_2)
FNDA:0,(anonymous_3)
FNDA:0,signup
DA:20,2
DA:21,2
DA:22,2
DA:23,2
DA:25,2
DA:26,0
DA:27,0
DA:28,0
DA:31,2
DA:32,0
DA:33,0
DA:34,0
DA:35,0
DA:36,0
DA:37,0
DA:38,0
DA:40,0
DA:41,0
DA:42,0
DA:43,0
DA:44,0
DA:45,0
DA:46,0
DA:47,0
DA:48,0
DA:50,0
DA:55,2
DA:56,0
DA:57,0
DA:61,0
DA:62,0
DA:63,0
DA:64,0
DA:65,0
DA:68,0
DA:69,0
DA:70,0
DA:71,0
DA:72,0
DA:75,0
DA:76,0
DA:81,0
DA:83,0
DA:84,0
DA:85,0
DA:86,0
DA:87,0
DA:89,0
DA:90,0
DA:92,0
DA:95,0
DA:97,0
DA:98,0
DA:100,0
DA:101,0
DA:103,0
DA:104,0
DA:106,0
DA:107,0
DA:108,0
DA:111,0
DA:116,2
LF:62
LH:8
BRDA:27,0,0,0
BRDA:27,0,1,0
BRDA:28,1,0,0
BRDA:28,1,1,0
BRDA:40,2,0,0
BRDA:40,2,1,0
BRDA:61,3,0,0
BRDA:61,3,1,0
BRDA:61,4,0,0
BRDA:61,4,1,0
BRDA:68,5,0,0
BRDA:68,5,1,0
BRDA:83,6,0,0
BRDA:83,6,1,0
BRDA:87,7,0,0
BRDA:87,7,1,0
BRDA:87,7,2,0
BRDA:87,7,3,0
BRDA:87,7,4,0
BRDA:106,8,0,0
BRDA:106,8,1,0
BRDA:174,9,0,2
BRDA:174,9,1,0
BRF:23
BRH:1
end_of_record
TN:
SF:src/lib/sign-up-page/SignUpPage.tsx
FN:9,SignUpPage
FNF:1
FNH:1
FNDA:1,SignUpPage
DA:10,1
LF:1
LH:1
BRF:0
BRH:0
end_of_record
TN:
SF:src/lib/upload-statement-csv/UploadStatementCSV.tsx
FN:11,UploadStatementCSV
FN:14,(anonymous_1)
FN:20,(anonymous_2)
FNF:3
FNH:1
FNDA:2,UploadStatementCSV
FNDA:0,(anonymous_1)
FNDA:0,(anonymous_2)
DA:12,2
DA:14,2
DA:15,0
DA:16,0
DA:20,2
DA:21,0
DA:22,0
DA:23,0
DA:24,0
DA:25,0
DA:29,2
LF:11
LH:4
BRDA:15,0,0,0
BRDA:15,0,1,0
BRDA:22,1,0,0
BRDA:22,1,1,0
BRDA:22,2,0,0
BRDA:22,2,1,0
BRF:6
BRH:0
end_of_record
TN:
SF:src/mocks/globalMocks.js
FN:13,(anonymous_0)
FN:20,(anonymous_1)
FNF:2
FNH:1
FNDA:3,(anonymous_0)
FNDA:0,(anonymous_1)
DA:1,12
DA:8,12
DA:12,12
DA:15,3
DA:19,12
DA:20,0
LF:6
LH:5
BRF:0
BRH:0
end_of_record
